{"contracts/common-contracts/AccessController.sol":{"l":{"25":0,"27":0,"29":0,"31":0,"35":0,"41":0,"45":0,"49":0,"53":0,"57":0,"61":0,"71":0,"73":0,"84":0,"95":0,"96":0,"106":0,"111":0,"113":0,"124":0,"135":0,"136":0,"146":0,"151":0,"153":0},"path":"/Users/vm06007/Development/contracts/contracts/common-contracts/AccessController.sol","s":{"1":0,"2":0,"3":0,"4":0,"5":0,"6":0,"7":0,"8":0,"9":0,"10":0,"11":0,"12":0,"13":0,"14":0,"15":0,"16":0,"17":0,"18":0,"19":0,"20":0,"21":0,"22":0},"b":{"1":[0,0],"2":[0,0],"3":[0,0],"4":[0,0],"5":[0,0]},"f":{"1":0,"2":0,"3":0,"4":0,"5":0,"6":0,"7":0,"8":0,"9":0,"10":0,"11":0},"fnMap":{"1":{"name":"constructor","line":23,"loc":{"start":{"line":23,"column":4},"end":{"line":38,"column":4}}},"2":{"name":"onlyCEO","line":40,"loc":{"start":{"line":40,"column":4},"end":{"line":46,"column":4}}},"3":{"name":"onlyWorker","line":48,"loc":{"start":{"line":48,"column":4},"end":{"line":54,"column":4}}},"4":{"name":"nonZeroAddress","line":56,"loc":{"start":{"line":56,"column":4},"end":{"line":62,"column":4}}},"5":{"name":"setCEO","line":69,"loc":{"start":{"line":64,"column":4},"end":{"line":76,"column":4}}},"6":{"name":"addWorker","line":82,"loc":{"start":{"line":78,"column":4},"end":{"line":87,"column":4}}},"7":{"name":"addWorkerBulk","line":93,"loc":{"start":{"line":89,"column":4},"end":{"line":98,"column":4}}},"8":{"name":"_addWorker","line":104,"loc":{"start":{"line":100,"column":4},"end":{"line":116,"column":4}}},"9":{"name":"removeWorker","line":122,"loc":{"start":{"line":118,"column":4},"end":{"line":127,"column":4}}},"10":{"name":"removeWorkerBulk","line":133,"loc":{"start":{"line":129,"column":4},"end":{"line":138,"column":4}}},"11":{"name":"_removeWorker","line":144,"loc":{"start":{"line":140,"column":4},"end":{"line":156,"column":4}}}},"statementMap":{"1":{"start":{"line":25,"column":8},"end":{"line":25,"column":36}},"2":{"start":{"line":27,"column":8},"end":{"line":27,"column":27}},"3":{"start":{"line":29,"column":8},"end":{"line":29,"column":31}},"4":{"start":{"line":31,"column":8},"end":{"line":31,"column":487}},"5":{"start":{"line":35,"column":8},"end":{"line":35,"column":540}},"6":{"start":{"line":41,"column":8},"end":{"line":41,"column":628}},"7":{"start":{"line":49,"column":8},"end":{"line":49,"column":787}},"8":{"start":{"line":57,"column":8},"end":{"line":57,"column":980}},"9":{"start":{"line":71,"column":8},"end":{"line":71,"column":27}},"10":{"start":{"line":73,"column":8},"end":{"line":73,"column":1270}},"11":{"start":{"line":84,"column":8},"end":{"line":84,"column":1427}},"12":{"start":{"line":95,"column":8},"end":{"line":95,"column":1600}},"13":{"start":{"line":96,"column":12},"end":{"line":96,"column":41}},"14":{"start":{"line":106,"column":8},"end":{"line":106,"column":1846}},"15":{"start":{"line":111,"column":8},"end":{"line":111,"column":34}},"16":{"start":{"line":113,"column":8},"end":{"line":113,"column":2007}},"17":{"start":{"line":124,"column":8},"end":{"line":124,"column":2177}},"18":{"start":{"line":135,"column":8},"end":{"line":135,"column":2362}},"19":{"start":{"line":136,"column":12},"end":{"line":136,"column":45}},"20":{"start":{"line":146,"column":8},"end":{"line":146,"column":2626}},"21":{"start":{"line":151,"column":8},"end":{"line":151,"column":40}},"22":{"start":{"line":153,"column":8},"end":{"line":153,"column":2796}}},"branchMap":{"1":{"line":41,"type":"if","locations":[{"start":{"line":41,"column":8},"end":{"line":41,"column":8}},{"start":{"line":41,"column":8},"end":{"line":41,"column":8}}]},"2":{"line":49,"type":"if","locations":[{"start":{"line":49,"column":8},"end":{"line":49,"column":8}},{"start":{"line":49,"column":8},"end":{"line":49,"column":8}}]},"3":{"line":57,"type":"if","locations":[{"start":{"line":57,"column":8},"end":{"line":57,"column":8}},{"start":{"line":57,"column":8},"end":{"line":57,"column":8}}]},"4":{"line":106,"type":"if","locations":[{"start":{"line":106,"column":8},"end":{"line":106,"column":8}},{"start":{"line":106,"column":8},"end":{"line":106,"column":8}}]},"5":{"line":146,"type":"if","locations":[{"start":{"line":146,"column":8},"end":{"line":146,"column":8}},{"start":{"line":146,"column":8},"end":{"line":146,"column":8}}]}}},"contracts/common-contracts/EIP712Base.sol":{"l":{"18":0,"28":0,"34":0,"45":0},"path":"/Users/vm06007/Development/contracts/contracts/common-contracts/EIP712Base.sol","s":{"1":0,"2":0,"3":0},"b":{},"f":{"1":0,"2":0,"3":0,"4":0},"fnMap":{"1":{"name":"constructor","line":17,"loc":{"start":{"line":17,"column":4},"end":{"line":25,"column":4}}},"2":{"name":"getChainID","line":27,"loc":{"start":{"line":27,"column":4},"end":{"line":31,"column":1}}},"3":{"name":"getDomainSeperator","line":33,"loc":{"start":{"line":33,"column":4},"end":{"line":35,"column":1}}},"4":{"name":"toTypedMessageHash","line":44,"loc":{"start":{"line":44,"column":4},"end":{"line":46,"column":4}}}},"statementMap":{"1":{"start":{"line":18,"column":8},"end":{"line":18,"column":496}},"2":{"start":{"line":34,"column":2},"end":{"line":34,"column":24}},"3":{"start":{"line":45,"column":8},"end":{"line":45,"column":89}}},"branchMap":{}},"contracts/common-contracts/EIP712MetaTransaction.sol":{"l":{"46":0,"54":0,"64":0,"68":0,"75":0,"80":0,"86":0,"96":0,"117":0,"126":0,"130":0,"134":0,"135":0,"136":0,"137":0,"142":0,"144":0,"154":0},"path":"/Users/vm06007/Development/contracts/contracts/common-contracts/EIP712MetaTransaction.sol","s":{"1":0,"2":0,"3":0,"4":0,"5":0,"6":0,"7":0,"8":0,"9":0,"10":0,"11":0,"12":0,"13":0,"14":0,"15":0,"16":0,"17":0},"b":{"1":[0,0],"2":[0,0],"3":[0,0],"4":[0,0]},"f":{"1":0,"2":0,"3":0,"4":0,"5":0},"fnMap":{"1":{"name":"executeMetaTransaction","line":35,"loc":{"start":{"line":35,"column":4},"end":{"line":87,"column":4}}},"2":{"name":"hashMetaTransaction","line":89,"loc":{"start":{"line":89,"column":4},"end":{"line":104,"column":1}}},"3":{"name":"verify","line":106,"loc":{"start":{"line":106,"column":4},"end":{"line":131,"column":1}}},"4":{"name":"msgSender","line":133,"loc":{"start":{"line":133,"column":4},"end":{"line":145,"column":4}}},"5":{"name":"getNonce","line":147,"loc":{"start":{"line":147,"column":4},"end":{"line":155,"column":4}}}},"statementMap":{"1":{"start":{"line":46,"column":8},"end":{"line":46,"column":1143}},"2":{"start":{"line":54,"column":8},"end":{"line":54,"column":1371}},"3":{"start":{"line":64,"column":5},"end":{"line":64,"column":1605}},"4":{"start":{"line":68,"column":8},"end":{"line":68,"column":1724}},"5":{"start":{"line":75,"column":8},"end":{"line":75,"column":1912}},"6":{"start":{"line":80,"column":8},"end":{"line":80,"column":2006}},"7":{"start":{"line":86,"column":8},"end":{"line":86,"column":25}},"8":{"start":{"line":96,"column":2},"end":{"line":96,"column":2312}},"9":{"start":{"line":117,"column":8},"end":{"line":117,"column":2749}},"10":{"start":{"line":126,"column":8},"end":{"line":126,"column":2940}},"11":{"start":{"line":130,"column":2},"end":{"line":130,"column":23}},"12":{"start":{"line":134,"column":8},"end":{"line":134,"column":3130}},"13":{"start":{"line":135,"column":12},"end":{"line":135,"column":41}},"14":{"start":{"line":136,"column":12},"end":{"line":136,"column":43}},"15":{"start":{"line":142,"column":12},"end":{"line":142,"column":30}},"16":{"start":{"line":144,"column":8},"end":{"line":144,"column":21}},"17":{"start":{"line":154,"column":8},"end":{"line":154,"column":28}}},"branchMap":{"1":{"line":54,"type":"if","locations":[{"start":{"line":54,"column":8},"end":{"line":54,"column":8}},{"start":{"line":54,"column":8},"end":{"line":54,"column":8}}]},"2":{"line":75,"type":"if","locations":[{"start":{"line":75,"column":8},"end":{"line":75,"column":8}},{"start":{"line":75,"column":8},"end":{"line":75,"column":8}}]},"3":{"line":126,"type":"if","locations":[{"start":{"line":126,"column":8},"end":{"line":126,"column":8}},{"start":{"line":126,"column":8},"end":{"line":126,"column":8}}]},"4":{"line":134,"type":"if","locations":[{"start":{"line":134,"column":8},"end":{"line":134,"column":8}},{"start":{"line":134,"column":8},"end":{"line":134,"column":8}}]}}},"contracts/common-contracts/Events.sol":{"l":{},"path":"/Users/vm06007/Development/contracts/contracts/common-contracts/Events.sol","s":{},"b":{},"f":{},"fnMap":{},"statementMap":{},"branchMap":{}},"contracts/common-contracts/Interfaces.sol":{"l":{},"path":"/Users/vm06007/Development/contracts/contracts/common-contracts/Interfaces.sol","s":{},"b":{},"f":{},"fnMap":{},"statementMap":{},"branchMap":{}},"contracts/common-contracts/MultiHashChain.sol":{"l":{"13":0,"20":0,"28":0},"path":"/Users/vm06007/Development/contracts/contracts/common-contracts/MultiHashChain.sol","s":{"1":0,"2":0,"3":0},"b":{"1":[0,0]},"f":{"1":0,"2":0},"fnMap":{"1":{"name":"_setMachineTail","line":9,"loc":{"start":{"line":9,"column":4},"end":{"line":14,"column":4}}},"2":{"name":"_consumeMachineHash","line":16,"loc":{"start":{"line":16,"column":4},"end":{"line":29,"column":4}}}},"statementMap":{"1":{"start":{"line":13,"column":8},"end":{"line":13,"column":31}},"2":{"start":{"line":20,"column":8},"end":{"line":20,"column":395}},"3":{"start":{"line":28,"column":8},"end":{"line":28,"column":33}}},"branchMap":{"1":{"line":20,"type":"if","locations":[{"start":{"line":20,"column":8},"end":{"line":20,"column":8}},{"start":{"line":20,"column":8},"end":{"line":20,"column":8}}]}}},"contracts/common-contracts/SafeTransfer.sol":{"l":{"32":0,"40":0},"path":"/Users/vm06007/Development/contracts/contracts/common-contracts/SafeTransfer.sol","s":{"1":0,"2":0},"b":{"1":[0,0]},"f":{"1":0},"fnMap":{"1":{"name":"safeTransfer","line":25,"loc":{"start":{"line":25,"column":4},"end":{"line":48,"column":4}}}},"statementMap":{"1":{"start":{"line":32,"column":8},"end":{"line":32,"column":519}},"2":{"start":{"line":40,"column":8},"end":{"line":40,"column":707}}},"branchMap":{"1":{"line":40,"type":"if","locations":[{"start":{"line":40,"column":8},"end":{"line":40,"column":8}},{"start":{"line":40,"column":8},"end":{"line":40,"column":8}}]}}},"contracts/common-contracts/TransferHelper.sol":{"l":{"30":0,"38":0,"56":0,"65":0},"path":"/Users/vm06007/Development/contracts/contracts/common-contracts/TransferHelper.sol","s":{"1":0,"2":0,"3":0,"4":0},"b":{"1":[0,0],"2":[0,0]},"f":{"1":0,"2":0},"fnMap":{"1":{"name":"safeTransfer","line":23,"loc":{"start":{"line":23,"column":4},"end":{"line":46,"column":4}}},"2":{"name":"safeTransferFrom","line":48,"loc":{"start":{"line":48,"column":4},"end":{"line":73,"column":4}}}},"statementMap":{"1":{"start":{"line":30,"column":8},"end":{"line":30,"column":600}},"2":{"start":{"line":38,"column":8},"end":{"line":38,"column":802}},"3":{"start":{"line":56,"column":8},"end":{"line":56,"column":1171}},"4":{"start":{"line":65,"column":8},"end":{"line":65,"column":1387}}},"branchMap":{"1":{"line":38,"type":"if","locations":[{"start":{"line":38,"column":8},"end":{"line":38,"column":8}},{"start":{"line":38,"column":8},"end":{"line":38,"column":8}}]},"2":{"line":65,"type":"if","locations":[{"start":{"line":65,"column":8},"end":{"line":65,"column":8}},{"start":{"line":65,"column":8},"end":{"line":65,"column":8}}]}}},"contracts/DGLightBridge.sol":{"l":{"36":22,"40":22,"50":19,"56":11,"67":10,"73":2,"84":12,"90":6,"99":12,"105":6,"114":5,"117":3,"128":1,"131":1},"path":"/Users/vm06007/Development/contracts/contracts/DGLightBridge.sol","s":{"1":22,"2":22,"3":19,"4":11,"5":10,"6":2,"7":12,"8":6,"9":12,"10":6,"11":5,"12":3,"13":1,"14":1},"b":{},"f":{"1":22,"2":19,"3":10,"4":12,"5":12,"6":5,"7":1},"fnMap":{"1":{"name":"constructor","line":32,"loc":{"start":{"line":32,"column":4},"end":{"line":43,"column":4}}},"2":{"name":"goLight","line":45,"loc":{"start":{"line":45,"column":4},"end":{"line":60,"column":4}}},"3":{"name":"goClassic","line":62,"loc":{"start":{"line":62,"column":4},"end":{"line":77,"column":4}}},"4":{"name":"sponsorLight","line":79,"loc":{"start":{"line":79,"column":4},"end":{"line":92,"column":4}}},"5":{"name":"sponsorClassic","line":94,"loc":{"start":{"line":94,"column":4},"end":{"line":107,"column":4}}},"6":{"name":"redeemLight","line":109,"loc":{"start":{"line":109,"column":4},"end":{"line":121,"column":4}}},"7":{"name":"redeemClassic","line":123,"loc":{"start":{"line":123,"column":4},"end":{"line":135,"column":4}}}},"statementMap":{"1":{"start":{"line":36,"column":8},"end":{"line":36,"column":718}},"2":{"start":{"line":40,"column":8},"end":{"line":40,"column":786}},"3":{"start":{"line":50,"column":8},"end":{"line":50,"column":947}},"4":{"start":{"line":56,"column":8},"end":{"line":56,"column":1078}},"5":{"start":{"line":67,"column":8},"end":{"line":67,"column":1283}},"6":{"start":{"line":73,"column":8},"end":{"line":73,"column":1420}},"7":{"start":{"line":84,"column":8},"end":{"line":84,"column":1611}},"8":{"start":{"line":90,"column":8},"end":{"line":90,"column":1763}},"9":{"start":{"line":99,"column":8},"end":{"line":99,"column":1901}},"10":{"start":{"line":105,"column":8},"end":{"line":105,"column":2067}},"11":{"start":{"line":114,"column":8},"end":{"line":114,"column":2234}},"12":{"start":{"line":117,"column":8},"end":{"line":117,"column":2277}},"13":{"start":{"line":128,"column":8},"end":{"line":128,"column":2502}},"14":{"start":{"line":131,"column":8},"end":{"line":131,"column":2545}}},"branchMap":{}},"contracts/DGLightToken.sol":{"l":{"33":44,"37":44,"53":61,"59":55,"70":13,"75":11},"path":"/Users/vm06007/Development/contracts/contracts/DGLightToken.sol","s":{"1":44,"2":44,"3":61,"4":55,"5":13,"6":11},"b":{},"f":{"1":44,"2":61,"3":13},"fnMap":{"1":{"name":"constructor","line":30,"loc":{"start":{"line":30,"column":4},"end":{"line":46,"column":4}}},"2":{"name":"goLight","line":48,"loc":{"start":{"line":48,"column":4},"end":{"line":63,"column":4}}},"3":{"name":"goClassic","line":65,"loc":{"start":{"line":65,"column":4},"end":{"line":79,"column":4}}}},"statementMap":{"1":{"start":{"line":33,"column":8},"end":{"line":33,"column":618}},"2":{"start":{"line":37,"column":8},"end":{"line":37,"column":702}},"3":{"start":{"line":53,"column":8},"end":{"line":53,"column":1142}},"4":{"start":{"line":59,"column":8},"end":{"line":59,"column":1273}},"5":{"start":{"line":70,"column":8},"end":{"line":70,"column":1467}},"6":{"start":{"line":75,"column":8},"end":{"line":75,"column":1567}}},"branchMap":{}},"contracts/dgToken.sol":{"l":{"9":0,"13":0,"14":0,"20":70,"27":0,"28":0,"30":0,"34":0,"38":0,"39":0,"41":0,"46":0,"47":0,"50":0,"51":0,"53":0,"57":0,"62":0,"63":0,"64":0,"68":0,"72":0,"73":0},"path":"/Users/vm06007/Development/contracts/contracts/dgToken.sol","s":{"1":0,"2":0,"3":70,"4":0,"5":0,"6":0,"7":0,"8":0,"9":0,"10":0,"11":0,"12":0,"13":0,"14":0,"15":0,"16":0,"17":0,"18":0,"19":0,"20":0,"21":0,"22":0},"b":{"1":[0,0],"2":[0,0],"3":[0,0],"4":[0,0],"5":[0,0],"6":[0,0]},"f":{"1":0,"2":0,"3":70,"4":0,"5":0,"6":0,"7":0,"8":0,"9":0,"10":0,"11":0},"fnMap":{"1":{"name":"_msgSender","line":8,"loc":{"start":{"line":8,"column":4},"end":{"line":10,"column":4}}},"2":{"name":"_msgData","line":12,"loc":{"start":{"line":12,"column":4},"end":{"line":15,"column":4}}},"3":{"name":"constructor","line":19,"loc":{"start":{"line":19,"column":4},"end":{"line":21,"column":4}}},"4":{"name":"add","line":26,"loc":{"start":{"line":26,"column":4},"end":{"line":31,"column":4}}},"5":{"name":"sub","line":33,"loc":{"start":{"line":33,"column":4},"end":{"line":35,"column":4}}},"6":{"name":"sub","line":37,"loc":{"start":{"line":37,"column":4},"end":{"line":42,"column":4}}},"7":{"name":"mul","line":44,"loc":{"start":{"line":44,"column":4},"end":{"line":54,"column":4}}},"8":{"name":"div","line":56,"loc":{"start":{"line":56,"column":4},"end":{"line":58,"column":4}}},"9":{"name":"div","line":61,"loc":{"start":{"line":61,"column":4},"end":{"line":65,"column":4}}},"10":{"name":"mod","line":67,"loc":{"start":{"line":67,"column":4},"end":{"line":69,"column":4}}},"11":{"name":"mod","line":71,"loc":{"start":{"line":71,"column":4},"end":{"line":74,"column":4}}}},"statementMap":{"1":{"start":{"line":9,"column":8},"end":{"line":9,"column":25}},"2":{"start":{"line":14,"column":8},"end":{"line":14,"column":23}},"3":{"start":{"line":20,"column":8},"end":{"line":20,"column":41}},"4":{"start":{"line":27,"column":8},"end":{"line":27,"column":25}},"5":{"start":{"line":28,"column":8},"end":{"line":28,"column":53}},"6":{"start":{"line":30,"column":8},"end":{"line":30,"column":16}},"7":{"start":{"line":34,"column":8},"end":{"line":34,"column":58}},"8":{"start":{"line":38,"column":8},"end":{"line":38,"column":36}},"9":{"start":{"line":39,"column":8},"end":{"line":39,"column":25}},"10":{"start":{"line":41,"column":8},"end":{"line":41,"column":16}},"11":{"start":{"line":46,"column":8},"end":{"line":46,"column":1079}},"12":{"start":{"line":47,"column":12},"end":{"line":47,"column":20}},"13":{"start":{"line":50,"column":8},"end":{"line":50,"column":25}},"14":{"start":{"line":51,"column":8},"end":{"line":51,"column":63}},"15":{"start":{"line":53,"column":8},"end":{"line":53,"column":16}},"16":{"start":{"line":57,"column":8},"end":{"line":57,"column":54}},"17":{"start":{"line":62,"column":8},"end":{"line":62,"column":35}},"18":{"start":{"line":63,"column":8},"end":{"line":63,"column":25}},"19":{"start":{"line":64,"column":8},"end":{"line":64,"column":16}},"20":{"start":{"line":68,"column":8},"end":{"line":68,"column":52}},"21":{"start":{"line":72,"column":8},"end":{"line":72,"column":36}},"22":{"start":{"line":73,"column":8},"end":{"line":73,"column":20}}},"branchMap":{"1":{"line":28,"type":"if","locations":[{"start":{"line":28,"column":8},"end":{"line":28,"column":8}},{"start":{"line":28,"column":8},"end":{"line":28,"column":8}}]},"2":{"line":38,"type":"if","locations":[{"start":{"line":38,"column":8},"end":{"line":38,"column":8}},{"start":{"line":38,"column":8},"end":{"line":38,"column":8}}]},"3":{"line":46,"type":"if","locations":[{"start":{"line":46,"column":8},"end":{"line":46,"column":8}},{"start":{"line":46,"column":8},"end":{"line":46,"column":8}}]},"4":{"line":51,"type":"if","locations":[{"start":{"line":51,"column":8},"end":{"line":51,"column":8}},{"start":{"line":51,"column":8},"end":{"line":51,"column":8}}]},"5":{"line":62,"type":"if","locations":[{"start":{"line":62,"column":8},"end":{"line":62,"column":8}},{"start":{"line":62,"column":8},"end":{"line":62,"column":8}}]},"6":{"line":72,"type":"if","locations":[{"start":{"line":72,"column":8},"end":{"line":72,"column":8}},{"start":{"line":72,"column":8},"end":{"line":72,"column":8}}]}}},"contracts/DGTownHall.sol":{"l":{"39":26,"49":43,"50":43,"52":43,"56":43,"68":13,"72":13,"77":11,"90":1,"102":1,"114":1,"115":1,"117":1,"127":104},"path":"/Users/vm06007/Development/contracts/contracts/DGTownHall.sol","s":{"1":26,"2":43,"3":43,"4":43,"5":43,"6":13,"7":13,"8":11,"9":1,"10":1,"11":1,"12":1,"13":1,"14":104},"b":{},"f":{"1":26,"2":43,"3":13,"4":1,"5":1,"6":1,"7":104},"fnMap":{"1":{"name":"constructor","line":36,"loc":{"start":{"line":36,"column":4},"end":{"line":42,"column":4}}},"2":{"name":"stepInside","line":44,"loc":{"start":{"line":44,"column":4},"end":{"line":61,"column":4}}},"3":{"name":"stepOutside","line":63,"loc":{"start":{"line":63,"column":4},"end":{"line":81,"column":4}}},"4":{"name":"DGAmount","line":83,"loc":{"start":{"line":83,"column":4},"end":{"line":93,"column":4}}},"5":{"name":"outsidAmount","line":95,"loc":{"start":{"line":95,"column":4},"end":{"line":105,"column":4}}},"6":{"name":"insideAmount","line":107,"loc":{"start":{"line":107,"column":4},"end":{"line":120,"column":4}}},"7":{"name":"innerSupply","line":122,"loc":{"start":{"line":122,"column":4},"end":{"line":128,"column":4}}}},"statementMap":{"1":{"start":{"line":39,"column":8},"end":{"line":39,"column":666}},"2":{"start":{"line":49,"column":8},"end":{"line":49,"column":39}},"3":{"start":{"line":50,"column":8},"end":{"line":50,"column":40}},"4":{"start":{"line":52,"column":8},"end":{"line":52,"column":950}},"5":{"start":{"line":56,"column":8},"end":{"line":56,"column":1043}},"6":{"start":{"line":68,"column":8},"end":{"line":68,"column":1260}},"7":{"start":{"line":72,"column":8},"end":{"line":72,"column":1343}},"8":{"start":{"line":77,"column":8},"end":{"line":77,"column":1417}},"9":{"start":{"line":90,"column":8},"end":{"line":90,"column":1642}},"10":{"start":{"line":102,"column":8},"end":{"line":102,"column":1873}},"11":{"start":{"line":114,"column":8},"end":{"line":114,"column":40}},"12":{"start":{"line":115,"column":8},"end":{"line":115,"column":39}},"13":{"start":{"line":117,"column":8},"end":{"line":117,"column":2196}},"14":{"start":{"line":127,"column":8},"end":{"line":127,"column":42}}},"branchMap":{}},"contracts/ERC20.sol":{"l":{"38":140,"39":140,"40":140,"48":46,"56":2,"64":2,"72":105,"82":369,"92":53,"98":45,"109":4,"119":141,"125":141,"136":169,"142":127,"148":121,"162":0,"167":0,"184":0,"191":0,"197":0,"211":180,"214":166,"217":166,"230":168,"233":168,"238":168,"251":24,"254":22,"259":22,"273":268,"275":268},"path":"/Users/vm06007/Development/contracts/contracts/ERC20.sol","s":{"1":140,"2":140,"3":140,"4":46,"5":2,"6":2,"7":105,"8":369,"9":53,"10":45,"11":4,"12":141,"13":141,"14":169,"15":127,"16":121,"17":0,"18":0,"19":0,"20":0,"21":0,"22":180,"23":166,"24":166,"25":168,"26":168,"27":24,"28":22,"29":268,"30":268},"b":{"1":[0,0],"2":[0,0]},"f":{"1":140,"2":46,"3":2,"4":2,"5":105,"6":369,"7":53,"8":4,"9":141,"10":169,"11":0,"12":180,"13":168,"14":24,"15":268},"fnMap":{"1":{"name":"constructor","line":34,"loc":{"start":{"line":34,"column":4},"end":{"line":41,"column":4}}},"2":{"name":"name","line":43,"loc":{"start":{"line":43,"column":4},"end":{"line":49,"column":4}}},"3":{"name":"symbol","line":51,"loc":{"start":{"line":51,"column":4},"end":{"line":57,"column":4}}},"4":{"name":"decimals","line":59,"loc":{"start":{"line":59,"column":4},"end":{"line":65,"column":4}}},"5":{"name":"totalSupply","line":67,"loc":{"start":{"line":67,"column":4},"end":{"line":73,"column":4}}},"6":{"name":"balanceOf","line":75,"loc":{"start":{"line":75,"column":4},"end":{"line":83,"column":4}}},"7":{"name":"transfer","line":85,"loc":{"start":{"line":85,"column":4},"end":{"line":99,"column":4}}},"8":{"name":"allowance","line":101,"loc":{"start":{"line":101,"column":4},"end":{"line":110,"column":4}}},"9":{"name":"approve","line":112,"loc":{"start":{"line":112,"column":4},"end":{"line":126,"column":4}}},"10":{"name":"transferFrom","line":128,"loc":{"start":{"line":128,"column":4},"end":{"line":149,"column":4}}},"11":{"name":"permit","line":151,"loc":{"start":{"line":151,"column":4},"end":{"line":202,"column":4}}},"12":{"name":"_transfer","line":204,"loc":{"start":{"line":204,"column":4},"end":{"line":222,"column":4}}},"13":{"name":"_mint","line":224,"loc":{"start":{"line":224,"column":4},"end":{"line":243,"column":4}}},"14":{"name":"_burn","line":245,"loc":{"start":{"line":245,"column":4},"end":{"line":264,"column":4}}},"15":{"name":"_approve","line":266,"loc":{"start":{"line":266,"column":4},"end":{"line":280,"column":4}}}},"statementMap":{"1":{"start":{"line":38,"column":8},"end":{"line":38,"column":25}},"2":{"start":{"line":39,"column":8},"end":{"line":39,"column":29}},"3":{"start":{"line":40,"column":8},"end":{"line":40,"column":21}},"4":{"start":{"line":48,"column":8},"end":{"line":48,"column":20}},"5":{"start":{"line":56,"column":8},"end":{"line":56,"column":22}},"6":{"start":{"line":64,"column":8},"end":{"line":64,"column":24}},"7":{"start":{"line":72,"column":8},"end":{"line":72,"column":27}},"8":{"start":{"line":82,"column":8},"end":{"line":82,"column":34}},"9":{"start":{"line":92,"column":8},"end":{"line":92,"column":1753}},"10":{"start":{"line":98,"column":8},"end":{"line":98,"column":19}},"11":{"start":{"line":109,"column":8},"end":{"line":109,"column":44}},"12":{"start":{"line":119,"column":8},"end":{"line":119,"column":2198}},"13":{"start":{"line":125,"column":8},"end":{"line":125,"column":19}},"14":{"start":{"line":136,"column":8},"end":{"line":136,"column":2476}},"15":{"start":{"line":142,"column":8},"end":{"line":142,"column":2606}},"16":{"start":{"line":148,"column":8},"end":{"line":148,"column":19}},"17":{"start":{"line":162,"column":8},"end":{"line":162,"column":2938}},"18":{"start":{"line":167,"column":8},"end":{"line":167,"column":3051}},"19":{"start":{"line":184,"column":8},"end":{"line":184,"column":3519}},"20":{"start":{"line":191,"column":8},"end":{"line":191,"column":3643}},"21":{"start":{"line":197,"column":8},"end":{"line":197,"column":3790}},"22":{"start":{"line":211,"column":8},"end":{"line":211,"column":4044}},"23":{"start":{"line":214,"column":8},"end":{"line":214,"column":4115}},"24":{"start":{"line":217,"column":8},"end":{"line":217,"column":4160}},"25":{"start":{"line":230,"column":8},"end":{"line":230,"column":4385}},"26":{"start":{"line":238,"column":8},"end":{"line":238,"column":4529}},"27":{"start":{"line":251,"column":8},"end":{"line":251,"column":4762}},"28":{"start":{"line":259,"column":8},"end":{"line":259,"column":4899}},"29":{"start":{"line":273,"column":8},"end":{"line":273,"column":46}},"30":{"start":{"line":275,"column":8},"end":{"line":275,"column":5182}}},"branchMap":{"1":{"line":162,"type":"if","locations":[{"start":{"line":162,"column":8},"end":{"line":162,"column":8}},{"start":{"line":162,"column":8},"end":{"line":162,"column":8}}]},"2":{"line":191,"type":"if","locations":[{"start":{"line":191,"column":8},"end":{"line":191,"column":8}},{"start":{"line":191,"column":8},"end":{"line":191,"column":8}}]}}},"contracts/IceKeeper.sol":{"l":{"42":0,"46":0,"50":0,"54":0,"58":0,"62":0,"89":0,"91":0,"92":0,"94":0,"103":0,"114":0,"119":0,"123":0,"128":0,"134":0,"137":0,"139":0,"142":0,"157":0,"172":0,"183":0,"200":0,"201":0,"221":0,"240":0,"241":0,"260":0,"265":0,"270":0,"278":0,"287":0,"290":0,"293":0,"299":0,"304":0,"310":0,"323":0,"332":0,"338":0,"350":0,"360":0,"370":0,"378":0,"390":0,"400":0,"408":0,"416":0},"path":"/Users/vm06007/Development/contracts/contracts/IceKeeper.sol","s":{"1":0,"2":0,"3":0,"4":0,"5":0,"6":0,"7":0,"8":0,"9":0,"10":0,"11":0,"12":0,"13":0,"14":0,"15":0,"16":0,"17":0,"18":0,"19":0,"20":0,"21":0,"22":0,"23":0,"24":0,"25":0,"26":0,"27":0,"28":0,"29":0,"30":0,"31":0,"32":0,"33":0,"34":0,"35":0,"36":0,"37":0,"38":0,"39":0,"40":0,"41":0,"42":0,"43":0,"44":0,"45":0},"b":{"1":[0,0],"2":[0,0],"3":[0,0],"4":[0,0],"5":[0,0],"6":[0,0],"7":[0,0],"8":[0,0],"9":[0,0]},"f":{"1":0,"2":0,"3":0,"4":0,"5":0,"6":0,"7":0,"8":0,"9":0,"10":0,"11":0,"12":0,"13":0,"14":0,"15":0,"16":0,"17":0,"18":0,"19":0,"20":0,"21":0,"22":0,"23":0},"fnMap":{"1":{"name":"onlyMaster","line":41,"loc":{"start":{"line":41,"column":4},"end":{"line":47,"column":4}}},"2":{"name":"onlyDropsWorker","line":49,"loc":{"start":{"line":49,"column":4},"end":{"line":55,"column":4}}},"3":{"name":"onlyClaimWorker","line":57,"loc":{"start":{"line":57,"column":4},"end":{"line":63,"column":4}}},"4":{"name":"constructor","line":83,"loc":{"start":{"line":83,"column":4},"end":{"line":95,"column":4}}},"5":{"name":"changeMaximumDrop","line":101,"loc":{"start":{"line":97,"column":4},"end":{"line":104,"column":4}}},"6":{"name":"createIceDrop","line":112,"loc":{"start":{"line":106,"column":4},"end":{"line":148,"column":4}}},"7":{"name":"getHash","line":150,"loc":{"start":{"line":150,"column":4},"end":{"line":162,"column":4}}},"8":{"name":"isClaimed","line":164,"loc":{"start":{"line":164,"column":4},"end":{"line":173,"column":4}}},"9":{"name":"getClaim","line":175,"loc":{"start":{"line":175,"column":4},"end":{"line":190,"column":4}}},"10":{"name":"getClaimBulk","line":192,"loc":{"start":{"line":192,"column":4},"end":{"line":209,"column":4}}},"11":{"name":"giveClaim","line":219,"loc":{"start":{"line":211,"column":4},"end":{"line":228,"column":4}}},"12":{"name":"giveClaimBulk","line":238,"loc":{"start":{"line":230,"column":4},"end":{"line":249,"column":4}}},"13":{"name":"_doClaim","line":251,"loc":{"start":{"line":251,"column":4},"end":{"line":315,"column":4}}},"14":{"name":"_setClaimed","line":317,"loc":{"start":{"line":317,"column":4},"end":{"line":324,"column":4}}},"15":{"name":"withdrawFunds","line":330,"loc":{"start":{"line":326,"column":4},"end":{"line":342,"column":4}}},"16":{"name":"changeMaster","line":348,"loc":{"start":{"line":344,"column":4},"end":{"line":351,"column":4}}},"17":{"name":"changeClaimWorker","line":358,"loc":{"start":{"line":353,"column":4},"end":{"line":361,"column":4}}},"18":{"name":"changeDropsWorker","line":368,"loc":{"start":{"line":363,"column":4},"end":{"line":371,"column":4}}},"19":{"name":"getBalance","line":373,"loc":{"start":{"line":373,"column":4},"end":{"line":381,"column":4}}},"20":{"name":"showRemaining","line":383,"loc":{"start":{"line":383,"column":4},"end":{"line":391,"column":4}}},"21":{"name":"showExcess","line":393,"loc":{"start":{"line":393,"column":4},"end":{"line":401,"column":4}}},"22":{"name":"showRemaining","line":403,"loc":{"start":{"line":403,"column":4},"end":{"line":409,"column":4}}},"23":{"name":"showExcess","line":411,"loc":{"start":{"line":411,"column":4},"end":{"line":417,"column":4}}}},"statementMap":{"1":{"start":{"line":42,"column":8},"end":{"line":42,"column":925}},"2":{"start":{"line":50,"column":8},"end":{"line":50,"column":1085}},"3":{"start":{"line":58,"column":8},"end":{"line":58,"column":1256}},"4":{"start":{"line":89,"column":8},"end":{"line":89,"column":37}},"5":{"start":{"line":91,"column":8},"end":{"line":91,"column":40}},"6":{"start":{"line":92,"column":8},"end":{"line":92,"column":40}},"7":{"start":{"line":94,"column":8},"end":{"line":94,"column":33}},"8":{"start":{"line":103,"column":8},"end":{"line":103,"column":36}},"9":{"start":{"line":114,"column":8},"end":{"line":114,"column":2382}},"10":{"start":{"line":119,"column":8},"end":{"line":119,"column":2475}},"11":{"start":{"line":123,"column":8},"end":{"line":123,"column":2543}},"12":{"start":{"line":128,"column":8},"end":{"line":128,"column":2653}},"13":{"start":{"line":134,"column":8},"end":{"line":134,"column":2789}},"14":{"start":{"line":137,"column":8},"end":{"line":137,"column":44}},"15":{"start":{"line":139,"column":8},"end":{"line":139,"column":2893}},"16":{"start":{"line":142,"column":8},"end":{"line":142,"column":2930}},"17":{"start":{"line":157,"column":8},"end":{"line":157,"column":3189}},"18":{"start":{"line":172,"column":8},"end":{"line":172,"column":42}},"19":{"start":{"line":183,"column":8},"end":{"line":183,"column":3655}},"20":{"start":{"line":200,"column":8},"end":{"line":200,"column":4003}},"21":{"start":{"line":201,"column":12},"end":{"line":201,"column":4064}},"22":{"start":{"line":221,"column":8},"end":{"line":221,"column":4466}},"23":{"start":{"line":240,"column":8},"end":{"line":240,"column":4874}},"24":{"start":{"line":241,"column":12},"end":{"line":241,"column":4935}},"25":{"start":{"line":260,"column":8},"end":{"line":260,"column":5312}},"26":{"start":{"line":265,"column":8},"end":{"line":265,"column":5431}},"27":{"start":{"line":270,"column":8},"end":{"line":270,"column":5537}},"28":{"start":{"line":278,"column":8},"end":{"line":278,"column":5700}},"29":{"start":{"line":287,"column":8},"end":{"line":287,"column":5936}},"30":{"start":{"line":290,"column":8},"end":{"line":290,"column":6005}},"31":{"start":{"line":293,"column":8},"end":{"line":293,"column":6042}},"32":{"start":{"line":299,"column":8},"end":{"line":299,"column":6183}},"33":{"start":{"line":304,"column":8},"end":{"line":304,"column":6256}},"34":{"start":{"line":310,"column":8},"end":{"line":310,"column":6364}},"35":{"start":{"line":323,"column":8},"end":{"line":323,"column":41}},"36":{"start":{"line":332,"column":8},"end":{"line":332,"column":6718}},"37":{"start":{"line":338,"column":8},"end":{"line":338,"column":6831}},"38":{"start":{"line":350,"column":8},"end":{"line":350,"column":33}},"39":{"start":{"line":360,"column":8},"end":{"line":360,"column":45}},"40":{"start":{"line":370,"column":8},"end":{"line":370,"column":45}},"41":{"start":{"line":378,"column":8},"end":{"line":378,"column":7526}},"42":{"start":{"line":390,"column":8},"end":{"line":390,"column":62}},"43":{"start":{"line":400,"column":8},"end":{"line":400,"column":66}},"44":{"start":{"line":408,"column":8},"end":{"line":408,"column":45}},"45":{"start":{"line":416,"column":8},"end":{"line":416,"column":61}}},"branchMap":{"1":{"line":42,"type":"if","locations":[{"start":{"line":42,"column":8},"end":{"line":42,"column":8}},{"start":{"line":42,"column":8},"end":{"line":42,"column":8}}]},"2":{"line":50,"type":"if","locations":[{"start":{"line":50,"column":8},"end":{"line":50,"column":8}},{"start":{"line":50,"column":8},"end":{"line":50,"column":8}}]},"3":{"line":58,"type":"if","locations":[{"start":{"line":58,"column":8},"end":{"line":58,"column":8}},{"start":{"line":58,"column":8},"end":{"line":58,"column":8}}]},"4":{"line":114,"type":"if","locations":[{"start":{"line":114,"column":8},"end":{"line":114,"column":8}},{"start":{"line":114,"column":8},"end":{"line":114,"column":8}}]},"5":{"line":123,"type":"if","locations":[{"start":{"line":123,"column":8},"end":{"line":123,"column":8}},{"start":{"line":123,"column":8},"end":{"line":123,"column":8}}]},"6":{"line":260,"type":"if","locations":[{"start":{"line":260,"column":8},"end":{"line":260,"column":8}},{"start":{"line":260,"column":8},"end":{"line":260,"column":8}}]},"7":{"line":265,"type":"if","locations":[{"start":{"line":265,"column":8},"end":{"line":265,"column":8}},{"start":{"line":265,"column":8},"end":{"line":265,"column":8}}]},"8":{"line":278,"type":"if","locations":[{"start":{"line":278,"column":8},"end":{"line":278,"column":8}},{"start":{"line":278,"column":8},"end":{"line":278,"column":8}}]},"9":{"line":293,"type":"if","locations":[{"start":{"line":293,"column":8},"end":{"line":293,"column":8}},{"start":{"line":293,"column":8},"end":{"line":293,"column":8}}]}}},"contracts/iceRegistrant.sol":{"l":{"74":0,"75":0,"77":0,"78":0,"80":0,"81":0,"83":0,"85":0,"87":0,"88":0,"90":0,"99":0,"108":0,"117":0,"126":0,"135":0,"145":0,"154":0,"163":0,"168":0,"175":0,"184":0,"194":0,"210":0,"211":0,"213":0,"214":0,"216":0,"217":0,"219":0,"221":0,"239":0,"244":0,"249":0,"254":0,"259":0,"264":0,"266":0,"273":0,"277":0,"282":0,"287":0,"289":0,"290":0,"297":0,"298":0,"300":0,"301":0,"303":0,"308":0,"324":0,"329":0,"330":0,"332":0,"337":0,"342":0,"347":0,"352":0,"354":0,"360":0,"364":0,"368":0,"369":0,"370":0,"371":0,"373":0,"378":0,"387":0,"399":0,"400":0,"401":0,"403":0,"405":0,"410":0,"415":0,"416":0,"418":0,"424":0,"430":0,"434":0,"439":0,"444":0,"446":0,"447":0,"454":0,"459":0,"460":0,"462":0,"463":0,"465":0,"470":0,"485":0,"490":0,"491":0,"493":0,"498":0,"503":0,"509":0,"515":0,"516":0,"518":0,"523":0,"528":0,"530":0,"531":0,"533":0,"535":0,"553":0,"558":0,"560":0,"561":0,"571":0,"581":0,"590":0,"600":0,"601":0,"609":0,"610":0,"617":0,"618":0,"630":0,"642":0,"647":0,"659":0,"664":0,"676":0,"682":0,"692":0,"703":0,"719":0},"path":"/Users/vm06007/Development/contracts/contracts/iceRegistrant.sol","s":{"1":0,"2":0,"3":0,"4":0,"5":0,"6":0,"7":0,"8":0,"9":0,"10":0,"11":0,"12":0,"13":0,"14":0,"15":0,"16":0,"17":0,"18":0,"19":0,"20":0,"21":0,"22":0,"23":0,"24":0,"25":0,"26":0,"27":0,"28":0,"29":0,"30":0,"31":0,"32":0,"33":0,"34":0,"35":0,"36":0,"37":0,"38":0,"39":0,"40":0,"41":0,"42":0,"43":0,"44":0,"45":0,"46":0,"47":0,"48":0,"49":0,"50":0,"51":0,"52":0,"53":0,"54":0,"55":0,"56":0,"57":0,"58":0,"59":0,"60":0,"61":0,"62":0,"63":0,"64":0,"65":0,"66":0,"67":0,"68":0,"69":0,"70":0,"71":0,"72":0,"73":0,"74":0,"75":0,"76":0,"77":0,"78":0,"79":0,"80":0,"81":0,"82":0,"83":0,"84":0,"85":0,"86":0,"87":0,"88":0,"89":0,"90":0,"91":0,"92":0,"93":0,"94":0,"95":0,"96":0,"97":0,"98":0,"99":0,"100":0,"101":0,"102":0,"103":0,"104":0,"105":0,"106":0,"107":0,"108":0,"109":0,"110":0,"111":0,"112":0,"113":0,"114":0,"115":0,"116":0,"117":0,"118":0,"119":0,"120":0,"121":0,"122":0},"b":{"1":[0,0],"2":[0,0],"3":[0,0],"4":[0,0],"5":[0,0],"6":[0,0],"7":[0,0],"8":[0,0],"9":[0,0],"10":[0,0],"11":[0,0],"12":[0,0],"13":[0,0]},"f":{"1":0,"2":0,"3":0,"4":0,"5":0,"6":0,"7":0,"8":0,"9":0,"10":0,"11":0,"12":0,"13":0,"14":0,"15":0,"16":0,"17":0,"18":0,"19":0,"20":0,"21":0,"22":0,"23":0,"24":0,"25":0,"26":0,"27":0},"fnMap":{"1":{"name":"constructor","line":72,"loc":{"start":{"line":65,"column":4},"end":{"line":91,"column":4}}},"2":{"name":"changeTokenAddressICE","line":97,"loc":{"start":{"line":93,"column":4},"end":{"line":100,"column":4}}},"3":{"name":"changeTokenAddressDG","line":106,"loc":{"start":{"line":102,"column":4},"end":{"line":109,"column":4}}},"4":{"name":"changeDepositAddressDG","line":115,"loc":{"start":{"line":111,"column":4},"end":{"line":118,"column":4}}},"5":{"name":"changeDepositAddressNFT","line":124,"loc":{"start":{"line":120,"column":4},"end":{"line":127,"column":4}}},"6":{"name":"changeMintingPrice","line":133,"loc":{"start":{"line":129,"column":4},"end":{"line":136,"column":4}}},"7":{"name":"changeMintLimits","line":143,"loc":{"start":{"line":138,"column":4},"end":{"line":146,"column":4}}},"8":{"name":"changeSaleFrame","line":152,"loc":{"start":{"line":148,"column":4},"end":{"line":155,"column":4}}},"9":{"name":"changeSaleLimit","line":161,"loc":{"start":{"line":157,"column":4},"end":{"line":169,"column":4}}},"10":{"name":"disabledSaleLimitChange","line":173,"loc":{"start":{"line":171,"column":4},"end":{"line":176,"column":4}}},"11":{"name":"changePaymentToken","line":182,"loc":{"start":{"line":178,"column":4},"end":{"line":185,"column":4}}},"12":{"name":"changeTargetContract","line":192,"loc":{"start":{"line":187,"column":4},"end":{"line":195,"column":4}}},"13":{"name":"manageLevel","line":208,"loc":{"start":{"line":197,"column":4},"end":{"line":229,"column":4}}},"14":{"name":"mintToken","line":237,"loc":{"start":{"line":231,"column":4},"end":{"line":313,"column":4}}},"15":{"name":"upgradeToken","line":322,"loc":{"start":{"line":315,"column":4},"end":{"line":391,"column":4}}},"16":{"name":"_resolveUpgradeMint","line":393,"loc":{"start":{"line":393,"column":4},"end":{"line":476,"column":4}}},"17":{"name":"reIceNFT","line":478,"loc":{"start":{"line":478,"column":4},"end":{"line":541,"column":4}}},"18":{"name":"adjustRegistrantEntry","line":551,"loc":{"start":{"line":543,"column":4},"end":{"line":562,"column":4}}},"19":{"name":"getSupply","line":564,"loc":{"start":{"line":564,"column":4},"end":{"line":591,"column":4}}},"20":{"name":"_takePayment","line":593,"loc":{"start":{"line":593,"column":4},"end":{"line":620,"column":4}}},"21":{"name":"getLevel","line":622,"loc":{"start":{"line":622,"column":4},"end":{"line":631,"column":4}}},"22":{"name":"getLevelById","line":633,"loc":{"start":{"line":633,"column":4},"end":{"line":648,"column":4}}},"23":{"name":"getIceBonus","line":650,"loc":{"start":{"line":650,"column":4},"end":{"line":665,"column":4}}},"24":{"name":"isIceEnabled","line":667,"loc":{"start":{"line":667,"column":4},"end":{"line":683,"column":4}}},"25":{"name":"canPurchaseAgain","line":685,"loc":{"start":{"line":685,"column":4},"end":{"line":693,"column":4}}},"26":{"name":"getHash","line":695,"loc":{"start":{"line":695,"column":4},"end":{"line":707,"column":4}}},"27":{"name":"getNumber","line":709,"loc":{"start":{"line":709,"column":4},"end":{"line":720,"column":4}}}},"statementMap":{"1":{"start":{"line":74,"column":8},"end":{"line":74,"column":22}},"2":{"start":{"line":75,"column":8},"end":{"line":75,"column":26}},"3":{"start":{"line":77,"column":8},"end":{"line":77,"column":35}},"4":{"start":{"line":78,"column":8},"end":{"line":78,"column":35}},"5":{"start":{"line":80,"column":8},"end":{"line":80,"column":39}},"6":{"start":{"line":81,"column":8},"end":{"line":81,"column":41}},"7":{"start":{"line":83,"column":8},"end":{"line":83,"column":34}},"8":{"start":{"line":85,"column":8},"end":{"line":85,"column":59}},"9":{"start":{"line":87,"column":8},"end":{"line":87,"column":31}},"10":{"start":{"line":88,"column":8},"end":{"line":88,"column":31}},"11":{"start":{"line":90,"column":8},"end":{"line":90,"column":22}},"12":{"start":{"line":99,"column":8},"end":{"line":99,"column":44}},"13":{"start":{"line":108,"column":8},"end":{"line":108,"column":42}},"14":{"start":{"line":117,"column":8},"end":{"line":117,"column":46}},"15":{"start":{"line":126,"column":8},"end":{"line":126,"column":48}},"16":{"start":{"line":135,"column":8},"end":{"line":135,"column":38}},"17":{"start":{"line":145,"column":8},"end":{"line":145,"column":34}},"18":{"start":{"line":154,"column":8},"end":{"line":154,"column":32}},"19":{"start":{"line":163,"column":8},"end":{"line":163,"column":3567}},"20":{"start":{"line":168,"column":8},"end":{"line":168,"column":32}},"21":{"start":{"line":175,"column":8},"end":{"line":175,"column":35}},"22":{"start":{"line":184,"column":8},"end":{"line":184,"column":38}},"23":{"start":{"line":194,"column":8},"end":{"line":194,"column":52}},"24":{"start":{"line":210,"column":8},"end":{"line":210,"column":50}},"25":{"start":{"line":211,"column":8},"end":{"line":211,"column":50}},"26":{"start":{"line":213,"column":8},"end":{"line":213,"column":52}},"27":{"start":{"line":214,"column":8},"end":{"line":214,"column":52}},"28":{"start":{"line":216,"column":8},"end":{"line":216,"column":46}},"29":{"start":{"line":217,"column":8},"end":{"line":217,"column":46}},"30":{"start":{"line":219,"column":8},"end":{"line":219,"column":42}},"31":{"start":{"line":221,"column":8},"end":{"line":221,"column":4883}},"32":{"start":{"line":239,"column":8},"end":{"line":239,"column":5235}},"33":{"start":{"line":249,"column":8},"end":{"line":249,"column":5419}},"34":{"start":{"line":259,"column":8},"end":{"line":259,"column":5612}},"35":{"start":{"line":264,"column":8},"end":{"line":264,"column":47}},"36":{"start":{"line":266,"column":8},"end":{"line":266,"column":5794}},"37":{"start":{"line":273,"column":8},"end":{"line":273,"column":5936}},"38":{"start":{"line":277,"column":8},"end":{"line":277,"column":6029}},"39":{"start":{"line":282,"column":8},"end":{"line":282,"column":6172}},"40":{"start":{"line":287,"column":8},"end":{"line":287,"column":39}},"41":{"start":{"line":289,"column":8},"end":{"line":289,"column":51}},"42":{"start":{"line":290,"column":8},"end":{"line":290,"column":6374}},"43":{"start":{"line":297,"column":8},"end":{"line":297,"column":57}},"44":{"start":{"line":298,"column":8},"end":{"line":298,"column":40}},"45":{"start":{"line":300,"column":8},"end":{"line":300,"column":51}},"46":{"start":{"line":301,"column":8},"end":{"line":301,"column":27}},"47":{"start":{"line":303,"column":8},"end":{"line":303,"column":6754}},"48":{"start":{"line":308,"column":8},"end":{"line":308,"column":6842}},"49":{"start":{"line":324,"column":8},"end":{"line":324,"column":7147}},"50":{"start":{"line":329,"column":8},"end":{"line":329,"column":47}},"51":{"start":{"line":330,"column":8},"end":{"line":330,"column":40}},"52":{"start":{"line":332,"column":8},"end":{"line":332,"column":7370}},"53":{"start":{"line":337,"column":8},"end":{"line":337,"column":7497}},"54":{"start":{"line":342,"column":8},"end":{"line":342,"column":7598}},"55":{"start":{"line":347,"column":8},"end":{"line":347,"column":7693}},"56":{"start":{"line":352,"column":8},"end":{"line":352,"column":50}},"57":{"start":{"line":354,"column":8},"end":{"line":354,"column":7859}},"58":{"start":{"line":360,"column":8},"end":{"line":360,"column":7975}},"59":{"start":{"line":364,"column":8},"end":{"line":364,"column":8068}},"60":{"start":{"line":368,"column":8},"end":{"line":368,"column":45}},"61":{"start":{"line":369,"column":8},"end":{"line":369,"column":48}},"62":{"start":{"line":370,"column":8},"end":{"line":370,"column":58}},"63":{"start":{"line":371,"column":8},"end":{"line":371,"column":53}},"64":{"start":{"line":378,"column":8},"end":{"line":378,"column":8487}},"65":{"start":{"line":387,"column":8},"end":{"line":387,"column":8664}},"66":{"start":{"line":399,"column":8},"end":{"line":399,"column":57}},"67":{"start":{"line":400,"column":8},"end":{"line":400,"column":67}},"68":{"start":{"line":401,"column":8},"end":{"line":401,"column":63}},"69":{"start":{"line":405,"column":8},"end":{"line":405,"column":9111}},"70":{"start":{"line":410,"column":8},"end":{"line":410,"column":9210}},"71":{"start":{"line":418,"column":8},"end":{"line":418,"column":9389}},"72":{"start":{"line":424,"column":8},"end":{"line":424,"column":9535}},"73":{"start":{"line":430,"column":8},"end":{"line":430,"column":9669}},"74":{"start":{"line":434,"column":8},"end":{"line":434,"column":9761}},"75":{"start":{"line":439,"column":8},"end":{"line":439,"column":9903}},"76":{"start":{"line":444,"column":8},"end":{"line":444,"column":35}},"77":{"start":{"line":446,"column":8},"end":{"line":446,"column":55}},"78":{"start":{"line":447,"column":8},"end":{"line":447,"column":10104}},"79":{"start":{"line":459,"column":8},"end":{"line":459,"column":57}},"80":{"start":{"line":460,"column":8},"end":{"line":460,"column":36}},"81":{"start":{"line":462,"column":8},"end":{"line":462,"column":51}},"82":{"start":{"line":463,"column":8},"end":{"line":463,"column":27}},"83":{"start":{"line":465,"column":8},"end":{"line":465,"column":10583}},"84":{"start":{"line":470,"column":8},"end":{"line":470,"column":10671}},"85":{"start":{"line":485,"column":8},"end":{"line":485,"column":10947}},"86":{"start":{"line":490,"column":8},"end":{"line":490,"column":44}},"87":{"start":{"line":491,"column":8},"end":{"line":491,"column":38}},"88":{"start":{"line":493,"column":8},"end":{"line":493,"column":11158}},"89":{"start":{"line":498,"column":8},"end":{"line":498,"column":11280}},"90":{"start":{"line":503,"column":8},"end":{"line":503,"column":11377}},"91":{"start":{"line":509,"column":8},"end":{"line":509,"column":11504}},"92":{"start":{"line":515,"column":8},"end":{"line":515,"column":66}},"93":{"start":{"line":516,"column":8},"end":{"line":516,"column":66}},"94":{"start":{"line":518,"column":8},"end":{"line":518,"column":11791}},"95":{"start":{"line":523,"column":8},"end":{"line":523,"column":11939}},"96":{"start":{"line":530,"column":8},"end":{"line":530,"column":56}},"97":{"start":{"line":531,"column":8},"end":{"line":531,"column":56}},"98":{"start":{"line":533,"column":8},"end":{"line":533,"column":35}},"99":{"start":{"line":535,"column":8},"end":{"line":535,"column":12295}},"100":{"start":{"line":553,"column":8},"end":{"line":553,"column":12664}},"101":{"start":{"line":558,"column":8},"end":{"line":558,"column":38}},"102":{"start":{"line":560,"column":8},"end":{"line":560,"column":60}},"103":{"start":{"line":561,"column":8},"end":{"line":561,"column":60}},"104":{"start":{"line":571,"column":8},"end":{"line":571,"column":13128}},"105":{"start":{"line":581,"column":8},"end":{"line":581,"column":13373}},"106":{"start":{"line":590,"column":8},"end":{"line":590,"column":26}},"107":{"start":{"line":600,"column":8},"end":{"line":600,"column":13712}},"108":{"start":{"line":601,"column":12},"end":{"line":601,"column":13749}},"109":{"start":{"line":609,"column":8},"end":{"line":609,"column":13913}},"110":{"start":{"line":610,"column":12},"end":{"line":610,"column":13951}},"111":{"start":{"line":617,"column":12},"end":{"line":617,"column":51}},"112":{"start":{"line":618,"column":12},"end":{"line":618,"column":36}},"113":{"start":{"line":630,"column":8},"end":{"line":630,"column":55}},"114":{"start":{"line":642,"column":8},"end":{"line":642,"column":14601}},"115":{"start":{"line":647,"column":8},"end":{"line":647,"column":54}},"116":{"start":{"line":659,"column":8},"end":{"line":659,"column":14938}},"117":{"start":{"line":664,"column":8},"end":{"line":664,"column":54}},"118":{"start":{"line":676,"column":8},"end":{"line":676,"column":15273}},"119":{"start":{"line":682,"column":8},"end":{"line":682,"column":27}},"120":{"start":{"line":692,"column":8},"end":{"line":692,"column":67}},"121":{"start":{"line":703,"column":8},"end":{"line":703,"column":15780}},"122":{"start":{"line":719,"column":8},"end":{"line":719,"column":112}}},"branchMap":{"1":{"line":163,"type":"if","locations":[{"start":{"line":163,"column":8},"end":{"line":163,"column":8}},{"start":{"line":163,"column":8},"end":{"line":163,"column":8}}]},"2":{"line":239,"type":"if","locations":[{"start":{"line":239,"column":8},"end":{"line":239,"column":8}},{"start":{"line":239,"column":8},"end":{"line":239,"column":8}}]},"3":{"line":249,"type":"if","locations":[{"start":{"line":249,"column":8},"end":{"line":249,"column":8}},{"start":{"line":249,"column":8},"end":{"line":249,"column":8}}]},"4":{"line":259,"type":"if","locations":[{"start":{"line":259,"column":8},"end":{"line":259,"column":8}},{"start":{"line":259,"column":8},"end":{"line":259,"column":8}}]},"5":{"line":324,"type":"if","locations":[{"start":{"line":324,"column":8},"end":{"line":324,"column":8}},{"start":{"line":324,"column":8},"end":{"line":324,"column":8}}]},"6":{"line":332,"type":"if","locations":[{"start":{"line":332,"column":8},"end":{"line":332,"column":8}},{"start":{"line":332,"column":8},"end":{"line":332,"column":8}}]},"7":{"line":347,"type":"if","locations":[{"start":{"line":347,"column":8},"end":{"line":347,"column":8}},{"start":{"line":347,"column":8},"end":{"line":347,"column":8}}]},"8":{"line":485,"type":"if","locations":[{"start":{"line":485,"column":8},"end":{"line":485,"column":8}},{"start":{"line":485,"column":8},"end":{"line":485,"column":8}}]},"9":{"line":493,"type":"if","locations":[{"start":{"line":493,"column":8},"end":{"line":493,"column":8}},{"start":{"line":493,"column":8},"end":{"line":493,"column":8}}]},"10":{"line":518,"type":"if","locations":[{"start":{"line":518,"column":8},"end":{"line":518,"column":8}},{"start":{"line":518,"column":8},"end":{"line":518,"column":8}}]},"11":{"line":523,"type":"if","locations":[{"start":{"line":523,"column":8},"end":{"line":523,"column":8}},{"start":{"line":523,"column":8},"end":{"line":523,"column":8}}]},"12":{"line":600,"type":"if","locations":[{"start":{"line":600,"column":8},"end":{"line":600,"column":8}},{"start":{"line":600,"column":8},"end":{"line":600,"column":8}}]},"13":{"line":609,"type":"if","locations":[{"start":{"line":609,"column":8},"end":{"line":609,"column":8}},{"start":{"line":609,"column":8},"end":{"line":609,"column":8}}]}}},"contracts/iceToken.sol":{"l":{"33":0,"37":0,"45":0,"54":0,"61":0,"69":0,"77":0,"85":0,"93":0,"103":0,"113":0,"119":0,"129":0,"132":0,"135":0,"150":0,"156":0,"162":0,"173":0,"183":0,"189":0,"199":0,"201":0,"215":0,"218":0,"221":0,"233":0,"236":0,"239":0,"251":0,"252":0,"253":0,"254":0,"259":0,"261":0},"path":"/Users/vm06007/Development/contracts/contracts/iceToken.sol","s":{"1":0,"2":0,"3":0,"4":0,"5":0,"6":0,"7":0,"8":0,"9":0,"10":0,"11":0,"12":0,"13":0,"14":0,"15":0,"16":0,"17":0,"18":0,"19":0,"20":0,"21":0,"22":0,"23":0,"24":0,"25":0,"26":0,"27":0,"28":0,"29":0,"30":0,"31":0,"32":0,"33":0},"b":{"1":[0,0],"2":[0,0]},"f":{"1":0,"2":0,"3":0,"4":0,"5":0,"6":0,"7":0,"8":0,"9":0,"10":0,"11":0,"12":0,"13":0,"14":0,"15":0,"16":0,"17":0,"18":0},"fnMap":{"1":{"name":"onlyIceMaster","line":32,"loc":{"start":{"line":32,"column":4},"end":{"line":38,"column":4}}},"2":{"name":"constructor","line":43,"loc":{"start":{"line":40,"column":4},"end":{"line":46,"column":4}}},"3":{"name":"transferOwnership","line":52,"loc":{"start":{"line":48,"column":4},"end":{"line":55,"column":4}}},"4":{"name":"renounceOwnership","line":59,"loc":{"start":{"line":57,"column":4},"end":{"line":62,"column":4}}},"5":{"name":"name","line":64,"loc":{"start":{"line":64,"column":4},"end":{"line":70,"column":4}}},"6":{"name":"symbol","line":72,"loc":{"start":{"line":72,"column":4},"end":{"line":78,"column":4}}},"7":{"name":"decimals","line":80,"loc":{"start":{"line":80,"column":4},"end":{"line":86,"column":4}}},"8":{"name":"totalSupply","line":88,"loc":{"start":{"line":88,"column":4},"end":{"line":94,"column":4}}},"9":{"name":"balanceOf","line":96,"loc":{"start":{"line":96,"column":4},"end":{"line":104,"column":4}}},"10":{"name":"transfer","line":106,"loc":{"start":{"line":106,"column":4},"end":{"line":120,"column":4}}},"11":{"name":"_transfer","line":122,"loc":{"start":{"line":122,"column":4},"end":{"line":140,"column":4}}},"12":{"name":"transferFrom","line":142,"loc":{"start":{"line":142,"column":4},"end":{"line":163,"column":4}}},"13":{"name":"allowance","line":165,"loc":{"start":{"line":165,"column":4},"end":{"line":174,"column":4}}},"14":{"name":"approve","line":176,"loc":{"start":{"line":176,"column":4},"end":{"line":190,"column":4}}},"15":{"name":"_approve","line":192,"loc":{"start":{"line":192,"column":4},"end":{"line":206,"column":4}}},"16":{"name":"mint","line":213,"loc":{"start":{"line":208,"column":4},"end":{"line":226,"column":4}}},"17":{"name":"burn","line":228,"loc":{"start":{"line":228,"column":4},"end":{"line":244,"column":4}}},"18":{"name":"_msgSender","line":246,"loc":{"start":{"line":246,"column":4},"end":{"line":262,"column":4}}}},"statementMap":{"1":{"start":{"line":33,"column":8},"end":{"line":33,"column":749}},"2":{"start":{"line":45,"column":8},"end":{"line":45,"column":29}},"3":{"start":{"line":54,"column":8},"end":{"line":54,"column":31}},"4":{"start":{"line":61,"column":8},"end":{"line":61,"column":31}},"5":{"start":{"line":69,"column":8},"end":{"line":69,"column":20}},"6":{"start":{"line":77,"column":8},"end":{"line":77,"column":22}},"7":{"start":{"line":85,"column":8},"end":{"line":85,"column":24}},"8":{"start":{"line":93,"column":8},"end":{"line":93,"column":27}},"9":{"start":{"line":103,"column":8},"end":{"line":103,"column":34}},"10":{"start":{"line":113,"column":8},"end":{"line":113,"column":2045}},"11":{"start":{"line":119,"column":8},"end":{"line":119,"column":19}},"12":{"start":{"line":129,"column":8},"end":{"line":129,"column":2331}},"13":{"start":{"line":132,"column":8},"end":{"line":132,"column":2402}},"14":{"start":{"line":135,"column":8},"end":{"line":135,"column":2447}},"15":{"start":{"line":150,"column":8},"end":{"line":150,"column":2708}},"16":{"start":{"line":156,"column":8},"end":{"line":156,"column":2842}},"17":{"start":{"line":162,"column":8},"end":{"line":162,"column":19}},"18":{"start":{"line":173,"column":8},"end":{"line":173,"column":44}},"19":{"start":{"line":183,"column":8},"end":{"line":183,"column":3284}},"20":{"start":{"line":189,"column":8},"end":{"line":189,"column":19}},"21":{"start":{"line":199,"column":8},"end":{"line":199,"column":46}},"22":{"start":{"line":201,"column":8},"end":{"line":201,"column":3587}},"23":{"start":{"line":215,"column":8},"end":{"line":215,"column":3830}},"24":{"start":{"line":218,"column":8},"end":{"line":218,"column":3893}},"25":{"start":{"line":221,"column":8},"end":{"line":221,"column":3936}},"26":{"start":{"line":233,"column":8},"end":{"line":233,"column":4148}},"27":{"start":{"line":236,"column":8},"end":{"line":236,"column":4215}},"28":{"start":{"line":239,"column":8},"end":{"line":239,"column":4251}},"29":{"start":{"line":251,"column":8},"end":{"line":251,"column":4457}},"30":{"start":{"line":252,"column":12},"end":{"line":252,"column":41}},"31":{"start":{"line":253,"column":12},"end":{"line":253,"column":43}},"32":{"start":{"line":259,"column":12},"end":{"line":259,"column":30}},"33":{"start":{"line":261,"column":8},"end":{"line":261,"column":21}}},"branchMap":{"1":{"line":33,"type":"if","locations":[{"start":{"line":33,"column":8},"end":{"line":33,"column":8}},{"start":{"line":33,"column":8},"end":{"line":33,"column":8}}]},"2":{"line":251,"type":"if","locations":[{"start":{"line":251,"column":8},"end":{"line":251,"column":8}},{"start":{"line":251,"column":8},"end":{"line":251,"column":8}}]}}},"contracts/MerkleProof.sol":{"l":{"23":0,"25":0,"26":0,"28":0,"30":0,"33":0,"37":0},"path":"/Users/vm06007/Development/contracts/contracts/MerkleProof.sol","s":{"1":0,"2":0,"3":0,"4":0,"5":0,"6":0,"7":0},"b":{"1":[0,0]},"f":{"1":0},"fnMap":{"1":{"name":"verify","line":14,"loc":{"start":{"line":14,"column":4},"end":{"line":38,"column":4}}}},"statementMap":{"1":{"start":{"line":23,"column":8},"end":{"line":23,"column":35}},"2":{"start":{"line":25,"column":8},"end":{"line":25,"column":632}},"3":{"start":{"line":26,"column":12},"end":{"line":26,"column":43}},"4":{"start":{"line":28,"column":12},"end":{"line":28,"column":739}},"5":{"start":{"line":30,"column":16},"end":{"line":30,"column":85}},"6":{"start":{"line":33,"column":16},"end":{"line":33,"column":85}},"7":{"start":{"line":37,"column":8},"end":{"line":37,"column":35}}},"branchMap":{"1":{"line":28,"type":"if","locations":[{"start":{"line":28,"column":12},"end":{"line":28,"column":12}},{"start":{"line":28,"column":12},"end":{"line":28,"column":12}}]}}},"contracts/SafeTransfer.sol":{"l":{"32":0,"40":0},"path":"/Users/vm06007/Development/contracts/contracts/SafeTransfer.sol","s":{"1":0,"2":0},"b":{"1":[0,0]},"f":{"1":0},"fnMap":{"1":{"name":"safeTransfer","line":25,"loc":{"start":{"line":25,"column":4},"end":{"line":48,"column":4}}}},"statementMap":{"1":{"start":{"line":32,"column":8},"end":{"line":32,"column":519}},"2":{"start":{"line":40,"column":8},"end":{"line":40,"column":707}}},"branchMap":{"1":{"line":40,"type":"if","locations":[{"start":{"line":40,"column":8},"end":{"line":40,"column":8}},{"start":{"line":40,"column":8},"end":{"line":40,"column":8}}]}}}}