{
"contracts/DGLightBridge.sol":{"l":{"36":22,"40":22,"50":19,"56":11,"67":10,"73":2,"84":12,"90":6,"99":12,"105":6,"114":5,"117":3,"128":1,"131":1},"path":"/Users/vm06007/Development/contracts/contracts/DGLightBridge.sol","s":{"1":22,"2":22,"3":19,"4":11,"5":10,"6":2,"7":12,"8":6,"9":12,"10":6,"11":5,"12":3,"13":1,"14":1},"b":{},"f":{"1":22,"2":19,"3":10,"4":12,"5":12,"6":5,"7":1},"fnMap":{"1":{"name":"constructor","line":32,"loc":{"start":{"line":32,"column":4},"end":{"line":43,"column":4}}},"2":{"name":"goLight","line":45,"loc":{"start":{"line":45,"column":4},"end":{"line":60,"column":4}}},"3":{"name":"goClassic","line":62,"loc":{"start":{"line":62,"column":4},"end":{"line":77,"column":4}}},"4":{"name":"sponsorLight","line":79,"loc":{"start":{"line":79,"column":4},"end":{"line":92,"column":4}}},"5":{"name":"sponsorClassic","line":94,"loc":{"start":{"line":94,"column":4},"end":{"line":107,"column":4}}},"6":{"name":"redeemLight","line":109,"loc":{"start":{"line":109,"column":4},"end":{"line":121,"column":4}}},"7":{"name":"redeemClassic","line":123,"loc":{"start":{"line":123,"column":4},"end":{"line":135,"column":4}}}},"statementMap":{"1":{"start":{"line":36,"column":8},"end":{"line":36,"column":718}},"2":{"start":{"line":40,"column":8},"end":{"line":40,"column":786}},"3":{"start":{"line":50,"column":8},"end":{"line":50,"column":947}},"4":{"start":{"line":56,"column":8},"end":{"line":56,"column":1078}},"5":{"start":{"line":67,"column":8},"end":{"line":67,"column":1283}},"6":{"start":{"line":73,"column":8},"end":{"line":73,"column":1420}},"7":{"start":{"line":84,"column":8},"end":{"line":84,"column":1611}},"8":{"start":{"line":90,"column":8},"end":{"line":90,"column":1763}},"9":{"start":{"line":99,"column":8},"end":{"line":99,"column":1901}},"10":{"start":{"line":105,"column":8},"end":{"line":105,"column":2067}},"11":{"start":{"line":114,"column":8},"end":{"line":114,"column":2234}},"12":{"start":{"line":117,"column":8},"end":{"line":117,"column":2277}},"13":{"start":{"line":128,"column":8},"end":{"line":128,"column":2502}},"14":{"start":{"line":131,"column":8},"end":{"line":131,"column":2545}}},"branchMap":{}},
"contracts/DGLightToken.sol":{"l":{"33":44,"37":44,"53":61,"59":55,"70":13,"75":11},"path":"/Users/vm06007/Development/contracts/contracts/DGLightToken.sol","s":{"1":44,"2":44,"3":61,"4":55,"5":13,"6":11},"b":{},"f":{"1":44,"2":61,"3":13},"fnMap":{"1":{"name":"constructor","line":30,"loc":{"start":{"line":30,"column":4},"end":{"line":46,"column":4}}},"2":{"name":"goLight","line":48,"loc":{"start":{"line":48,"column":4},"end":{"line":63,"column":4}}},"3":{"name":"goClassic","line":65,"loc":{"start":{"line":65,"column":4},"end":{"line":79,"column":4}}}},"statementMap":{"1":{"start":{"line":33,"column":8},"end":{"line":33,"column":618}},"2":{"start":{"line":37,"column":8},"end":{"line":37,"column":702}},"3":{"start":{"line":53,"column":8},"end":{"line":53,"column":1142}},"4":{"start":{"line":59,"column":8},"end":{"line":59,"column":1273}},"5":{"start":{"line":70,"column":8},"end":{"line":70,"column":1467}},"6":{"start":{"line":75,"column":8},"end":{"line":75,"column":1567}}},"branchMap":{}},
"contracts/dgToken.sol":{"l":{"9":0,"13":0,"14":0,"20":70,"27":0,"28":0,"30":0,"34":0,"38":0,"39":0,"41":0,"46":0,"47":0,"50":0,"51":0,"53":0,"57":0,"62":0,"63":0,"64":0,"68":0,"72":0,"73":0},"path":"/Users/vm06007/Development/contracts/contracts/dgToken.sol","s":{"1":0,"2":0,"3":70,"4":0,"5":0,"6":0,"7":0,"8":0,"9":0,"10":0,"11":0,"12":0,"13":0,"14":0,"15":0,"16":0,"17":0,"18":0,"19":0,"20":0,"21":0,"22":0},"b":{"1":[0,0],"2":[0,0],"3":[0,0],"4":[0,0],"5":[0,0],"6":[0,0]},"f":{"1":0,"2":0,"3":70,"4":0,"5":0,"6":0,"7":0,"8":0,"9":0,"10":0,"11":0},"fnMap":{"1":{"name":"_msgSender","line":8,"loc":{"start":{"line":8,"column":4},"end":{"line":10,"column":4}}},"2":{"name":"_msgData","line":12,"loc":{"start":{"line":12,"column":4},"end":{"line":15,"column":4}}},"3":{"name":"constructor","line":19,"loc":{"start":{"line":19,"column":4},"end":{"line":21,"column":4}}},"4":{"name":"add","line":26,"loc":{"start":{"line":26,"column":4},"end":{"line":31,"column":4}}},"5":{"name":"sub","line":33,"loc":{"start":{"line":33,"column":4},"end":{"line":35,"column":4}}},"6":{"name":"sub","line":37,"loc":{"start":{"line":37,"column":4},"end":{"line":42,"column":4}}},"7":{"name":"mul","line":44,"loc":{"start":{"line":44,"column":4},"end":{"line":54,"column":4}}},"8":{"name":"div","line":56,"loc":{"start":{"line":56,"column":4},"end":{"line":58,"column":4}}},"9":{"name":"div","line":61,"loc":{"start":{"line":61,"column":4},"end":{"line":65,"column":4}}},"10":{"name":"mod","line":67,"loc":{"start":{"line":67,"column":4},"end":{"line":69,"column":4}}},"11":{"name":"mod","line":71,"loc":{"start":{"line":71,"column":4},"end":{"line":74,"column":4}}}},"statementMap":{"1":{"start":{"line":9,"column":8},"end":{"line":9,"column":25}},"2":{"start":{"line":14,"column":8},"end":{"line":14,"column":23}},"3":{"start":{"line":20,"column":8},"end":{"line":20,"column":41}},"4":{"start":{"line":27,"column":8},"end":{"line":27,"column":25}},"5":{"start":{"line":28,"column":8},"end":{"line":28,"column":53}},"6":{"start":{"line":30,"column":8},"end":{"line":30,"column":16}},"7":{"start":{"line":34,"column":8},"end":{"line":34,"column":58}},"8":{"start":{"line":38,"column":8},"end":{"line":38,"column":36}},"9":{"start":{"line":39,"column":8},"end":{"line":39,"column":25}},"10":{"start":{"line":41,"column":8},"end":{"line":41,"column":16}},"11":{"start":{"line":46,"column":8},"end":{"line":46,"column":1079}},"12":{"start":{"line":47,"column":12},"end":{"line":47,"column":20}},"13":{"start":{"line":50,"column":8},"end":{"line":50,"column":25}},"14":{"start":{"line":51,"column":8},"end":{"line":51,"column":63}},"15":{"start":{"line":53,"column":8},"end":{"line":53,"column":16}},"16":{"start":{"line":57,"column":8},"end":{"line":57,"column":54}},"17":{"start":{"line":62,"column":8},"end":{"line":62,"column":35}},"18":{"start":{"line":63,"column":8},"end":{"line":63,"column":25}},"19":{"start":{"line":64,"column":8},"end":{"line":64,"column":16}},"20":{"start":{"line":68,"column":8},"end":{"line":68,"column":52}},"21":{"start":{"line":72,"column":8},"end":{"line":72,"column":36}},"22":{"start":{"line":73,"column":8},"end":{"line":73,"column":20}}},"branchMap":{"1":{"line":28,"type":"if","locations":[{"start":{"line":28,"column":8},"end":{"line":28,"column":8}},{"start":{"line":28,"column":8},"end":{"line":28,"column":8}}]},"2":{"line":38,"type":"if","locations":[{"start":{"line":38,"column":8},"end":{"line":38,"column":8}},{"start":{"line":38,"column":8},"end":{"line":38,"column":8}}]},"3":{"line":46,"type":"if","locations":[{"start":{"line":46,"column":8},"end":{"line":46,"column":8}},{"start":{"line":46,"column":8},"end":{"line":46,"column":8}}]},"4":{"line":51,"type":"if","locations":[{"start":{"line":51,"column":8},"end":{"line":51,"column":8}},{"start":{"line":51,"column":8},"end":{"line":51,"column":8}}]},"5":{"line":62,"type":"if","locations":[{"start":{"line":62,"column":8},"end":{"line":62,"column":8}},{"start":{"line":62,"column":8},"end":{"line":62,"column":8}}]},"6":{"line":72,"type":"if","locations":[{"start":{"line":72,"column":8},"end":{"line":72,"column":8}},{"start":{"line":72,"column":8},"end":{"line":72,"column":8}}]}}},
"contracts/DGTownHall.sol":{"l":{"39":26,"49":43,"50":43,"52":43,"56":43,"68":13,"72":13,"77":11,"90":1,"102":1,"114":1,"115":1,"117":1,"127":104},"path":"/Users/vm06007/Development/contracts/contracts/DGTownHall.sol","s":{"1":26,"2":43,"3":43,"4":43,"5":43,"6":13,"7":13,"8":11,"9":1,"10":1,"11":1,"12":1,"13":1,"14":104},"b":{},"f":{"1":26,"2":43,"3":13,"4":1,"5":1,"6":1,"7":104},"fnMap":{"1":{"name":"constructor","line":36,"loc":{"start":{"line":36,"column":4},"end":{"line":42,"column":4}}},"2":{"name":"stepInside","line":44,"loc":{"start":{"line":44,"column":4},"end":{"line":61,"column":4}}},"3":{"name":"stepOutside","line":63,"loc":{"start":{"line":63,"column":4},"end":{"line":81,"column":4}}},"4":{"name":"DGAmount","line":83,"loc":{"start":{"line":83,"column":4},"end":{"line":93,"column":4}}},"5":{"name":"outsidAmount","line":95,"loc":{"start":{"line":95,"column":4},"end":{"line":105,"column":4}}},"6":{"name":"insideAmount","line":107,"loc":{"start":{"line":107,"column":4},"end":{"line":120,"column":4}}},"7":{"name":"innerSupply","line":122,"loc":{"start":{"line":122,"column":4},"end":{"line":128,"column":4}}}},"statementMap":{"1":{"start":{"line":39,"column":8},"end":{"line":39,"column":666}},"2":{"start":{"line":49,"column":8},"end":{"line":49,"column":39}},"3":{"start":{"line":50,"column":8},"end":{"line":50,"column":40}},"4":{"start":{"line":52,"column":8},"end":{"line":52,"column":950}},"5":{"start":{"line":56,"column":8},"end":{"line":56,"column":1043}},"6":{"start":{"line":68,"column":8},"end":{"line":68,"column":1260}},"7":{"start":{"line":72,"column":8},"end":{"line":72,"column":1343}},"8":{"start":{"line":77,"column":8},"end":{"line":77,"column":1417}},"9":{"start":{"line":90,"column":8},"end":{"line":90,"column":1642}},"10":{"start":{"line":102,"column":8},"end":{"line":102,"column":1873}},"11":{"start":{"line":114,"column":8},"end":{"line":114,"column":40}},"12":{"start":{"line":115,"column":8},"end":{"line":115,"column":39}},"13":{"start":{"line":117,"column":8},"end":{"line":117,"column":2196}},"14":{"start":{"line":127,"column":8},"end":{"line":127,"column":42}}},"branchMap":{}},
"contracts/ERC20.sol":{"l":{"38":140,"39":140,"40":140,"48":46,"56":2,"64":2,"72":105,"82":369,"92":53,"98":45,"109":4,"119":141,"125":141,"136":169,"142":127,"148":121,"162":0,"167":0,"184":0,"191":0,"197":0,"211":180,"214":166,"217":166,"230":168,"233":168,"238":168,"251":24,"254":22,"259":22,"273":268,"275":268},"path":"/Users/vm06007/Development/contracts/contracts/ERC20.sol","s":{"1":140,"2":140,"3":140,"4":46,"5":2,"6":2,"7":105,"8":369,"9":53,"10":45,"11":4,"12":141,"13":141,"14":169,"15":127,"16":121,"17":0,"18":0,"19":0,"20":0,"21":0,"22":180,"23":166,"24":166,"25":168,"26":168,"27":24,"28":22,"29":268,"30":268},"b":{"1":[0,0],"2":[0,0]},"f":{"1":140,"2":46,"3":2,"4":2,"5":105,"6":369,"7":53,"8":4,"9":141,"10":169,"11":0,"12":180,"13":168,"14":24,"15":268},"fnMap":{"1":{"name":"constructor","line":34,"loc":{"start":{"line":34,"column":4},"end":{"line":41,"column":4}}},"2":{"name":"name","line":43,"loc":{"start":{"line":43,"column":4},"end":{"line":49,"column":4}}},"3":{"name":"symbol","line":51,"loc":{"start":{"line":51,"column":4},"end":{"line":57,"column":4}}},"4":{"name":"decimals","line":59,"loc":{"start":{"line":59,"column":4},"end":{"line":65,"column":4}}},"5":{"name":"totalSupply","line":67,"loc":{"start":{"line":67,"column":4},"end":{"line":73,"column":4}}},"6":{"name":"balanceOf","line":75,"loc":{"start":{"line":75,"column":4},"end":{"line":83,"column":4}}},"7":{"name":"transfer","line":85,"loc":{"start":{"line":85,"column":4},"end":{"line":99,"column":4}}},"8":{"name":"allowance","line":101,"loc":{"start":{"line":101,"column":4},"end":{"line":110,"column":4}}},"9":{"name":"approve","line":112,"loc":{"start":{"line":112,"column":4},"end":{"line":126,"column":4}}},"10":{"name":"transferFrom","line":128,"loc":{"start":{"line":128,"column":4},"end":{"line":149,"column":4}}},"11":{"name":"permit","line":151,"loc":{"start":{"line":151,"column":4},"end":{"line":202,"column":4}}},"12":{"name":"_transfer","line":204,"loc":{"start":{"line":204,"column":4},"end":{"line":222,"column":4}}},"13":{"name":"_mint","line":224,"loc":{"start":{"line":224,"column":4},"end":{"line":243,"column":4}}},"14":{"name":"_burn","line":245,"loc":{"start":{"line":245,"column":4},"end":{"line":264,"column":4}}},"15":{"name":"_approve","line":266,"loc":{"start":{"line":266,"column":4},"end":{"line":280,"column":4}}}},"statementMap":{"1":{"start":{"line":38,"column":8},"end":{"line":38,"column":25}},"2":{"start":{"line":39,"column":8},"end":{"line":39,"column":29}},"3":{"start":{"line":40,"column":8},"end":{"line":40,"column":21}},"4":{"start":{"line":48,"column":8},"end":{"line":48,"column":20}},"5":{"start":{"line":56,"column":8},"end":{"line":56,"column":22}},"6":{"start":{"line":64,"column":8},"end":{"line":64,"column":24}},"7":{"start":{"line":72,"column":8},"end":{"line":72,"column":27}},"8":{"start":{"line":82,"column":8},"end":{"line":82,"column":34}},"9":{"start":{"line":92,"column":8},"end":{"line":92,"column":1753}},"10":{"start":{"line":98,"column":8},"end":{"line":98,"column":19}},"11":{"start":{"line":109,"column":8},"end":{"line":109,"column":44}},"12":{"start":{"line":119,"column":8},"end":{"line":119,"column":2198}},"13":{"start":{"line":125,"column":8},"end":{"line":125,"column":19}},"14":{"start":{"line":136,"column":8},"end":{"line":136,"column":2476}},"15":{"start":{"line":142,"column":8},"end":{"line":142,"column":2606}},"16":{"start":{"line":148,"column":8},"end":{"line":148,"column":19}},"17":{"start":{"line":162,"column":8},"end":{"line":162,"column":2938}},"18":{"start":{"line":167,"column":8},"end":{"line":167,"column":3051}},"19":{"start":{"line":184,"column":8},"end":{"line":184,"column":3519}},"20":{"start":{"line":191,"column":8},"end":{"line":191,"column":3643}},"21":{"start":{"line":197,"column":8},"end":{"line":197,"column":3790}},"22":{"start":{"line":211,"column":8},"end":{"line":211,"column":4044}},"23":{"start":{"line":214,"column":8},"end":{"line":214,"column":4115}},"24":{"start":{"line":217,"column":8},"end":{"line":217,"column":4160}},"25":{"start":{"line":230,"column":8},"end":{"line":230,"column":4385}},"26":{"start":{"line":238,"column":8},"end":{"line":238,"column":4529}},"27":{"start":{"line":251,"column":8},"end":{"line":251,"column":4762}},"28":{"start":{"line":259,"column":8},"end":{"line":259,"column":4899}},"29":{"start":{"line":273,"column":8},"end":{"line":273,"column":46}},"30":{"start":{"line":275,"column":8},"end":{"line":275,"column":5182}}},"branchMap":{"1":{"line":162,"type":"if","locations":[{"start":{"line":162,"column":8},"end":{"line":162,"column":8}},{"start":{"line":162,"column":8},"end":{"line":162,"column":8}}]},"2":{"line":191,"type":"if","locations":[{"start":{"line":191,"column":8},"end":{"line":191,"column":8}},{"start":{"line":191,"column":8},"end":{"line":191,"column":8}}]}}}}
