TN:
SF:/Users/vm06007/Development/contracts/contracts/DGLightBridge.sol
FN:32,constructor
FN:45,goLight
FN:62,goClassic
FN:79,sponsorLight
FN:94,sponsorClassic
FN:109,redeemLight
FN:123,redeemClassic
FNF:7
FNH:7
FNDA:22,constructor
FNDA:19,goLight
FNDA:10,goClassic
FNDA:12,sponsorLight
FNDA:12,sponsorClassic
FNDA:5,redeemLight
FNDA:1,redeemClassic
DA:36,22
DA:40,22
DA:50,19
DA:56,11
DA:67,10
DA:73,2
DA:84,12
DA:90,6
DA:99,12
DA:105,6
DA:114,5
DA:117,3
DA:128,1
DA:131,1
LF:14
LH:14
BRF:0
BRH:0
end_of_record
TN:
SF:/Users/vm06007/Development/contracts/contracts/DGLightToken.sol
FN:30,constructor
FN:48,goLight
FN:65,goClassic
FNF:3
FNH:3
FNDA:44,constructor
FNDA:61,goLight
FNDA:13,goClassic
DA:33,44
DA:37,44
DA:53,61
DA:59,55
DA:70,13
DA:75,11
LF:6
LH:6
BRF:0
BRH:0
end_of_record
TN:
SF:/Users/vm06007/Development/contracts/contracts/dgToken.sol
FN:8,_msgSender
FN:12,_msgData
FN:19,constructor
FN:26,add
FN:33,sub
FN:37,sub
FN:44,mul
FN:56,div
FN:61,div
FN:67,mod
FN:71,mod
FNF:11
FNH:1
FNDA:0,_msgSender
FNDA:0,_msgData
FNDA:70,constructor
FNDA:0,add
FNDA:0,sub
FNDA:0,sub
FNDA:0,mul
FNDA:0,div
FNDA:0,div
FNDA:0,mod
FNDA:0,mod
DA:9,0
DA:13,0
DA:14,0
DA:20,70
DA:27,0
DA:28,0
DA:30,0
DA:34,0
DA:38,0
DA:39,0
DA:41,0
DA:46,0
DA:47,0
DA:50,0
DA:51,0
DA:53,0
DA:57,0
DA:62,0
DA:63,0
DA:64,0
DA:68,0
DA:72,0
DA:73,0
LF:23
LH:1
BRDA:28,1,0,0
BRDA:28,1,1,0
BRDA:38,2,0,0
BRDA:38,2,1,0
BRDA:46,3,0,0
BRDA:46,3,1,0
BRDA:51,4,0,0
BRDA:51,4,1,0
BRDA:62,5,0,0
BRDA:62,5,1,0
BRDA:72,6,0,0
BRDA:72,6,1,0
BRF:12
BRH:0
end_of_record
TN:
SF:/Users/vm06007/Development/contracts/contracts/DGTownHall.sol
FN:36,constructor
FN:44,stepInside
FN:63,stepOutside
FN:83,DGAmount
FN:95,outsidAmount
FN:107,insideAmount
FN:122,innerSupply
FNF:7
FNH:7
FNDA:26,constructor
FNDA:43,stepInside
FNDA:13,stepOutside
FNDA:1,DGAmount
FNDA:1,outsidAmount
FNDA:1,insideAmount
FNDA:104,innerSupply
DA:39,26
DA:49,43
DA:50,43
DA:52,43
DA:56,43
DA:68,13
DA:72,13
DA:77,11
DA:90,1
DA:102,1
DA:114,1
DA:115,1
DA:117,1
DA:127,104
LF:14
LH:14
BRF:0
BRH:0
end_of_record
TN:
SF:/Users/vm06007/Development/contracts/contracts/ERC20.sol
FN:34,constructor
FN:43,name
FN:51,symbol
FN:59,decimals
FN:67,totalSupply
FN:75,balanceOf
FN:85,transfer
FN:101,allowance
FN:112,approve
FN:128,transferFrom
FN:151,permit
FN:204,_transfer
FN:224,_mint
FN:245,_burn
FN:266,_approve
FNF:15
FNH:14
FNDA:140,constructor
FNDA:46,name
FNDA:2,symbol
FNDA:2,decimals
FNDA:105,totalSupply
FNDA:369,balanceOf
FNDA:53,transfer
FNDA:4,allowance
FNDA:141,approve
FNDA:169,transferFrom
FNDA:0,permit
FNDA:180,_transfer
FNDA:168,_mint
FNDA:24,_burn
FNDA:268,_approve
DA:38,140
DA:39,140
DA:40,140
DA:48,46
DA:56,2
DA:64,2
DA:72,105
DA:82,369
DA:92,53
DA:98,45
DA:109,4
DA:119,141
DA:125,141
DA:136,169
DA:142,127
DA:148,121
DA:162,0
DA:167,0
DA:184,0
DA:191,0
DA:197,0
DA:211,180
DA:214,166
DA:217,166
DA:230,168
DA:233,168
DA:238,168
DA:251,24
DA:254,22
DA:259,22
DA:273,268
DA:275,268
LF:32
LH:27
BRDA:162,1,0,0
BRDA:162,1,1,0
BRDA:191,2,0,0
BRDA:191,2,1,0
BRF:4
BRH:0
end_of_record
