TN:
SF:/Users/vm06007/Development/contracts/contracts/common-contracts/AccessController.sol
FN:23,constructor
FN:40,onlyCEO
FN:48,onlyWorker
FN:56,nonZeroAddress
FN:69,setCEO
FN:82,addWorker
FN:93,addWorkerBulk
FN:104,_addWorker
FN:122,removeWorker
FN:133,removeWorkerBulk
FN:144,_removeWorker
FNF:11
FNH:0
FNDA:0,constructor
FNDA:0,onlyCEO
FNDA:0,onlyWorker
FNDA:0,nonZeroAddress
FNDA:0,setCEO
FNDA:0,addWorker
FNDA:0,addWorkerBulk
FNDA:0,_addWorker
FNDA:0,removeWorker
FNDA:0,removeWorkerBulk
FNDA:0,_removeWorker
DA:25,0
DA:27,0
DA:29,0
DA:31,0
DA:35,0
DA:41,0
DA:45,0
DA:49,0
DA:53,0
DA:57,0
DA:61,0
DA:71,0
DA:73,0
DA:84,0
DA:95,0
DA:96,0
DA:106,0
DA:111,0
DA:113,0
DA:124,0
DA:135,0
DA:136,0
DA:146,0
DA:151,0
DA:153,0
LF:25
LH:0
BRDA:41,1,0,0
BRDA:41,1,1,0
BRDA:49,2,0,0
BRDA:49,2,1,0
BRDA:57,3,0,0
BRDA:57,3,1,0
BRDA:106,4,0,0
BRDA:106,4,1,0
BRDA:146,5,0,0
BRDA:146,5,1,0
BRF:10
BRH:0
end_of_record
TN:
SF:/Users/vm06007/Development/contracts/contracts/common-contracts/EIP712Base.sol
FN:17,constructor
FN:27,getChainID
FN:33,getDomainSeperator
FN:44,toTypedMessageHash
FNF:4
FNH:0
FNDA:0,constructor
FNDA:0,getChainID
FNDA:0,getDomainSeperator
FNDA:0,toTypedMessageHash
DA:18,0
DA:28,0
DA:34,0
DA:45,0
LF:4
LH:0
BRF:0
BRH:0
end_of_record
TN:
SF:/Users/vm06007/Development/contracts/contracts/common-contracts/EIP712MetaTransaction.sol
FN:35,executeMetaTransaction
FN:89,hashMetaTransaction
FN:106,verify
FN:133,msgSender
FN:147,getNonce
FNF:5
FNH:0
FNDA:0,executeMetaTransaction
FNDA:0,hashMetaTransaction
FNDA:0,verify
FNDA:0,msgSender
FNDA:0,getNonce
DA:46,0
DA:54,0
DA:64,0
DA:68,0
DA:75,0
DA:80,0
DA:86,0
DA:96,0
DA:117,0
DA:126,0
DA:130,0
DA:134,0
DA:135,0
DA:136,0
DA:137,0
DA:142,0
DA:144,0
DA:154,0
LF:18
LH:0
BRDA:54,1,0,0
BRDA:54,1,1,0
BRDA:75,2,0,0
BRDA:75,2,1,0
BRDA:126,3,0,0
BRDA:126,3,1,0
BRDA:134,4,0,0
BRDA:134,4,1,0
BRF:8
BRH:0
end_of_record
TN:
SF:/Users/vm06007/Development/contracts/contracts/common-contracts/Events.sol
FNF:0
FNH:0
LF:0
LH:0
BRF:0
BRH:0
end_of_record
TN:
SF:/Users/vm06007/Development/contracts/contracts/common-contracts/Interfaces.sol
FNF:0
FNH:0
LF:0
LH:0
BRF:0
BRH:0
end_of_record
TN:
SF:/Users/vm06007/Development/contracts/contracts/common-contracts/MultiHashChain.sol
FN:9,_setMachineTail
FN:16,_consumeMachineHash
FNF:2
FNH:0
FNDA:0,_setMachineTail
FNDA:0,_consumeMachineHash
DA:13,0
DA:20,0
DA:28,0
LF:3
LH:0
BRDA:20,1,0,0
BRDA:20,1,1,0
BRF:2
BRH:0
end_of_record
TN:
SF:/Users/vm06007/Development/contracts/contracts/common-contracts/SafeTransfer.sol
FN:25,safeTransfer
FNF:1
FNH:0
FNDA:0,safeTransfer
DA:32,0
DA:40,0
LF:2
LH:0
BRDA:40,1,0,0
BRDA:40,1,1,0
BRF:2
BRH:0
end_of_record
TN:
SF:/Users/vm06007/Development/contracts/contracts/common-contracts/TransferHelper.sol
FN:23,safeTransfer
FN:48,safeTransferFrom
FNF:2
FNH:0
FNDA:0,safeTransfer
FNDA:0,safeTransferFrom
DA:30,0
DA:38,0
DA:56,0
DA:65,0
LF:4
LH:0
BRDA:38,1,0,0
BRDA:38,1,1,0
BRDA:65,2,0,0
BRDA:65,2,1,0
BRF:4
BRH:0
end_of_record
TN:
SF:/Users/vm06007/Development/contracts/contracts/DGLightBridge.sol
FN:32,constructor
FN:45,goLight
FN:62,goClassic
FN:79,sponsorLight
FN:94,sponsorClassic
FN:109,redeemLight
FN:123,redeemClassic
FNF:7
FNH:7
FNDA:22,constructor
FNDA:19,goLight
FNDA:10,goClassic
FNDA:12,sponsorLight
FNDA:12,sponsorClassic
FNDA:5,redeemLight
FNDA:1,redeemClassic
DA:36,22
DA:40,22
DA:50,19
DA:56,11
DA:67,10
DA:73,2
DA:84,12
DA:90,6
DA:99,12
DA:105,6
DA:114,5
DA:117,3
DA:128,1
DA:131,1
LF:14
LH:14
BRF:0
BRH:0
end_of_record
TN:
SF:/Users/vm06007/Development/contracts/contracts/DGLightToken.sol
FN:30,constructor
FN:48,goLight
FN:65,goClassic
FNF:3
FNH:3
FNDA:44,constructor
FNDA:61,goLight
FNDA:13,goClassic
DA:33,44
DA:37,44
DA:53,61
DA:59,55
DA:70,13
DA:75,11
LF:6
LH:6
BRF:0
BRH:0
end_of_record
TN:
SF:/Users/vm06007/Development/contracts/contracts/dgToken.sol
FN:8,_msgSender
FN:12,_msgData
FN:19,constructor
FN:26,add
FN:33,sub
FN:37,sub
FN:44,mul
FN:56,div
FN:61,div
FN:67,mod
FN:71,mod
FNF:11
FNH:1
FNDA:0,_msgSender
FNDA:0,_msgData
FNDA:70,constructor
FNDA:0,add
FNDA:0,sub
FNDA:0,sub
FNDA:0,mul
FNDA:0,div
FNDA:0,div
FNDA:0,mod
FNDA:0,mod
DA:9,0
DA:13,0
DA:14,0
DA:20,70
DA:27,0
DA:28,0
DA:30,0
DA:34,0
DA:38,0
DA:39,0
DA:41,0
DA:46,0
DA:47,0
DA:50,0
DA:51,0
DA:53,0
DA:57,0
DA:62,0
DA:63,0
DA:64,0
DA:68,0
DA:72,0
DA:73,0
LF:23
LH:1
BRDA:28,1,0,0
BRDA:28,1,1,0
BRDA:38,2,0,0
BRDA:38,2,1,0
BRDA:46,3,0,0
BRDA:46,3,1,0
BRDA:51,4,0,0
BRDA:51,4,1,0
BRDA:62,5,0,0
BRDA:62,5,1,0
BRDA:72,6,0,0
BRDA:72,6,1,0
BRF:12
BRH:0
end_of_record
TN:
SF:/Users/vm06007/Development/contracts/contracts/DGTownHall.sol
FN:36,constructor
FN:44,stepInside
FN:63,stepOutside
FN:83,DGAmount
FN:95,outsidAmount
FN:107,insideAmount
FN:122,innerSupply
FNF:7
FNH:7
FNDA:26,constructor
FNDA:43,stepInside
FNDA:13,stepOutside
FNDA:1,DGAmount
FNDA:1,outsidAmount
FNDA:1,insideAmount
FNDA:104,innerSupply
DA:39,26
DA:49,43
DA:50,43
DA:52,43
DA:56,43
DA:68,13
DA:72,13
DA:77,11
DA:90,1
DA:102,1
DA:114,1
DA:115,1
DA:117,1
DA:127,104
LF:14
LH:14
BRF:0
BRH:0
end_of_record
TN:
SF:/Users/vm06007/Development/contracts/contracts/ERC20.sol
FN:34,constructor
FN:43,name
FN:51,symbol
FN:59,decimals
FN:67,totalSupply
FN:75,balanceOf
FN:85,transfer
FN:101,allowance
FN:112,approve
FN:128,transferFrom
FN:151,permit
FN:204,_transfer
FN:224,_mint
FN:245,_burn
FN:266,_approve
FNF:15
FNH:14
FNDA:140,constructor
FNDA:46,name
FNDA:2,symbol
FNDA:2,decimals
FNDA:105,totalSupply
FNDA:369,balanceOf
FNDA:53,transfer
FNDA:4,allowance
FNDA:141,approve
FNDA:169,transferFrom
FNDA:0,permit
FNDA:180,_transfer
FNDA:168,_mint
FNDA:24,_burn
FNDA:268,_approve
DA:38,140
DA:39,140
DA:40,140
DA:48,46
DA:56,2
DA:64,2
DA:72,105
DA:82,369
DA:92,53
DA:98,45
DA:109,4
DA:119,141
DA:125,141
DA:136,169
DA:142,127
DA:148,121
DA:162,0
DA:167,0
DA:184,0
DA:191,0
DA:197,0
DA:211,180
DA:214,166
DA:217,166
DA:230,168
DA:233,168
DA:238,168
DA:251,24
DA:254,22
DA:259,22
DA:273,268
DA:275,268
LF:32
LH:27
BRDA:162,1,0,0
BRDA:162,1,1,0
BRDA:191,2,0,0
BRDA:191,2,1,0
BRF:4
BRH:0
end_of_record
TN:
SF:/Users/vm06007/Development/contracts/contracts/IceKeeper.sol
FN:41,onlyMaster
FN:49,onlyDropsWorker
FN:57,onlyClaimWorker
FN:83,constructor
FN:101,changeMaximumDrop
FN:112,createIceDrop
FN:150,getHash
FN:164,isClaimed
FN:175,getClaim
FN:192,getClaimBulk
FN:219,giveClaim
FN:238,giveClaimBulk
FN:251,_doClaim
FN:317,_setClaimed
FN:330,withdrawFunds
FN:348,changeMaster
FN:358,changeClaimWorker
FN:368,changeDropsWorker
FN:373,getBalance
FN:383,showRemaining
FN:393,showExcess
FN:403,showRemaining
FN:411,showExcess
FNF:23
FNH:0
FNDA:0,onlyMaster
FNDA:0,onlyDropsWorker
FNDA:0,onlyClaimWorker
FNDA:0,constructor
FNDA:0,changeMaximumDrop
FNDA:0,createIceDrop
FNDA:0,getHash
FNDA:0,isClaimed
FNDA:0,getClaim
FNDA:0,getClaimBulk
FNDA:0,giveClaim
FNDA:0,giveClaimBulk
FNDA:0,_doClaim
FNDA:0,_setClaimed
FNDA:0,withdrawFunds
FNDA:0,changeMaster
FNDA:0,changeClaimWorker
FNDA:0,changeDropsWorker
FNDA:0,getBalance
FNDA:0,showRemaining
FNDA:0,showExcess
FNDA:0,showRemaining
FNDA:0,showExcess
DA:42,0
DA:46,0
DA:50,0
DA:54,0
DA:58,0
DA:62,0
DA:89,0
DA:91,0
DA:92,0
DA:94,0
DA:103,0
DA:114,0
DA:119,0
DA:123,0
DA:128,0
DA:134,0
DA:137,0
DA:139,0
DA:142,0
DA:157,0
DA:172,0
DA:183,0
DA:200,0
DA:201,0
DA:221,0
DA:240,0
DA:241,0
DA:260,0
DA:265,0
DA:270,0
DA:278,0
DA:287,0
DA:290,0
DA:293,0
DA:299,0
DA:304,0
DA:310,0
DA:323,0
DA:332,0
DA:338,0
DA:350,0
DA:360,0
DA:370,0
DA:378,0
DA:390,0
DA:400,0
DA:408,0
DA:416,0
LF:48
LH:0
BRDA:42,1,0,0
BRDA:42,1,1,0
BRDA:50,2,0,0
BRDA:50,2,1,0
BRDA:58,3,0,0
BRDA:58,3,1,0
BRDA:114,4,0,0
BRDA:114,4,1,0
BRDA:123,5,0,0
BRDA:123,5,1,0
BRDA:260,6,0,0
BRDA:260,6,1,0
BRDA:265,7,0,0
BRDA:265,7,1,0
BRDA:278,8,0,0
BRDA:278,8,1,0
BRDA:293,9,0,0
BRDA:293,9,1,0
BRF:18
BRH:0
end_of_record
TN:
SF:/Users/vm06007/Development/contracts/contracts/iceRegistrant.sol
FN:72,constructor
FN:97,changeTokenAddressICE
FN:106,changeTokenAddressDG
FN:115,changeDepositAddressDG
FN:124,changeDepositAddressNFT
FN:133,changeMintingPrice
FN:143,changeMintLimits
FN:152,changeSaleFrame
FN:161,changeSaleLimit
FN:173,disabledSaleLimitChange
FN:182,changePaymentToken
FN:192,changeTargetContract
FN:208,manageLevel
FN:237,mintToken
FN:322,upgradeToken
FN:393,_resolveUpgradeMint
FN:478,reIceNFT
FN:551,adjustRegistrantEntry
FN:564,getSupply
FN:593,_takePayment
FN:622,getLevel
FN:633,getLevelById
FN:650,getIceBonus
FN:667,isIceEnabled
FN:685,canPurchaseAgain
FN:695,getHash
FN:709,getNumber
FNF:27
FNH:0
FNDA:0,constructor
FNDA:0,changeTokenAddressICE
FNDA:0,changeTokenAddressDG
FNDA:0,changeDepositAddressDG
FNDA:0,changeDepositAddressNFT
FNDA:0,changeMintingPrice
FNDA:0,changeMintLimits
FNDA:0,changeSaleFrame
FNDA:0,changeSaleLimit
FNDA:0,disabledSaleLimitChange
FNDA:0,changePaymentToken
FNDA:0,changeTargetContract
FNDA:0,manageLevel
FNDA:0,mintToken
FNDA:0,upgradeToken
FNDA:0,_resolveUpgradeMint
FNDA:0,reIceNFT
FNDA:0,adjustRegistrantEntry
FNDA:0,getSupply
FNDA:0,_takePayment
FNDA:0,getLevel
FNDA:0,getLevelById
FNDA:0,getIceBonus
FNDA:0,isIceEnabled
FNDA:0,canPurchaseAgain
FNDA:0,getHash
FNDA:0,getNumber
DA:74,0
DA:75,0
DA:77,0
DA:78,0
DA:80,0
DA:81,0
DA:83,0
DA:85,0
DA:87,0
DA:88,0
DA:90,0
DA:99,0
DA:108,0
DA:117,0
DA:126,0
DA:135,0
DA:145,0
DA:154,0
DA:163,0
DA:168,0
DA:175,0
DA:184,0
DA:194,0
DA:210,0
DA:211,0
DA:213,0
DA:214,0
DA:216,0
DA:217,0
DA:219,0
DA:221,0
DA:239,0
DA:244,0
DA:249,0
DA:254,0
DA:259,0
DA:264,0
DA:266,0
DA:273,0
DA:277,0
DA:282,0
DA:287,0
DA:289,0
DA:290,0
DA:297,0
DA:298,0
DA:300,0
DA:301,0
DA:303,0
DA:308,0
DA:324,0
DA:329,0
DA:330,0
DA:332,0
DA:337,0
DA:342,0
DA:347,0
DA:352,0
DA:354,0
DA:360,0
DA:364,0
DA:368,0
DA:369,0
DA:370,0
DA:371,0
DA:373,0
DA:378,0
DA:387,0
DA:399,0
DA:400,0
DA:401,0
DA:403,0
DA:405,0
DA:410,0
DA:415,0
DA:416,0
DA:418,0
DA:424,0
DA:430,0
DA:434,0
DA:439,0
DA:444,0
DA:446,0
DA:447,0
DA:454,0
DA:459,0
DA:460,0
DA:462,0
DA:463,0
DA:465,0
DA:470,0
DA:485,0
DA:490,0
DA:491,0
DA:493,0
DA:498,0
DA:503,0
DA:509,0
DA:515,0
DA:516,0
DA:518,0
DA:523,0
DA:528,0
DA:530,0
DA:531,0
DA:533,0
DA:535,0
DA:553,0
DA:558,0
DA:560,0
DA:561,0
DA:571,0
DA:581,0
DA:590,0
DA:600,0
DA:601,0
DA:609,0
DA:610,0
DA:617,0
DA:618,0
DA:630,0
DA:642,0
DA:647,0
DA:659,0
DA:664,0
DA:676,0
DA:682,0
DA:692,0
DA:703,0
DA:719,0
LF:130
LH:0
BRDA:163,1,0,0
BRDA:163,1,1,0
BRDA:239,2,0,0
BRDA:239,2,1,0
BRDA:249,3,0,0
BRDA:249,3,1,0
BRDA:259,4,0,0
BRDA:259,4,1,0
BRDA:324,5,0,0
BRDA:324,5,1,0
BRDA:332,6,0,0
BRDA:332,6,1,0
BRDA:347,7,0,0
BRDA:347,7,1,0
BRDA:485,8,0,0
BRDA:485,8,1,0
BRDA:493,9,0,0
BRDA:493,9,1,0
BRDA:518,10,0,0
BRDA:518,10,1,0
BRDA:523,11,0,0
BRDA:523,11,1,0
BRDA:600,12,0,0
BRDA:600,12,1,0
BRDA:609,13,0,0
BRDA:609,13,1,0
BRF:26
BRH:0
end_of_record
TN:
SF:/Users/vm06007/Development/contracts/contracts/iceToken.sol
FN:32,onlyIceMaster
FN:43,constructor
FN:52,transferOwnership
FN:59,renounceOwnership
FN:64,name
FN:72,symbol
FN:80,decimals
FN:88,totalSupply
FN:96,balanceOf
FN:106,transfer
FN:122,_transfer
FN:142,transferFrom
FN:165,allowance
FN:176,approve
FN:192,_approve
FN:213,mint
FN:228,burn
FN:246,_msgSender
FNF:18
FNH:0
FNDA:0,onlyIceMaster
FNDA:0,constructor
FNDA:0,transferOwnership
FNDA:0,renounceOwnership
FNDA:0,name
FNDA:0,symbol
FNDA:0,decimals
FNDA:0,totalSupply
FNDA:0,balanceOf
FNDA:0,transfer
FNDA:0,_transfer
FNDA:0,transferFrom
FNDA:0,allowance
FNDA:0,approve
FNDA:0,_approve
FNDA:0,mint
FNDA:0,burn
FNDA:0,_msgSender
DA:33,0
DA:37,0
DA:45,0
DA:54,0
DA:61,0
DA:69,0
DA:77,0
DA:85,0
DA:93,0
DA:103,0
DA:113,0
DA:119,0
DA:129,0
DA:132,0
DA:135,0
DA:150,0
DA:156,0
DA:162,0
DA:173,0
DA:183,0
DA:189,0
DA:199,0
DA:201,0
DA:215,0
DA:218,0
DA:221,0
DA:233,0
DA:236,0
DA:239,0
DA:251,0
DA:252,0
DA:253,0
DA:254,0
DA:259,0
DA:261,0
LF:35
LH:0
BRDA:33,1,0,0
BRDA:33,1,1,0
BRDA:251,2,0,0
BRDA:251,2,1,0
BRF:4
BRH:0
end_of_record
TN:
SF:/Users/vm06007/Development/contracts/contracts/MerkleProof.sol
FN:14,verify
FNF:1
FNH:0
FNDA:0,verify
DA:23,0
DA:25,0
DA:26,0
DA:28,0
DA:30,0
DA:33,0
DA:37,0
LF:7
LH:0
BRDA:28,1,0,0
BRDA:28,1,1,0
BRF:2
BRH:0
end_of_record
TN:
SF:/Users/vm06007/Development/contracts/contracts/SafeTransfer.sol
FN:25,safeTransfer
FNF:1
FNH:0
FNDA:0,safeTransfer
DA:32,0
DA:40,0
LF:2
LH:0
BRDA:40,1,0,0
BRDA:40,1,1,0
BRF:2
BRH:0
end_of_record
